2023-07-21 08:42:57,939 INFO [background-preinit][Version.java:21] - HV000001: Hibernate Validator 6.1.6.Final
2023-07-21 08:42:57,939 INFO [background-preinit][Version.java:21] - HV000001: Hibernate Validator 6.1.6.Final
2023-07-21 08:42:58,337 WARN [background-preinit][CompositeLog.java:127] - For Jackson Kotlin classes support please add "com.fasterxml.jackson.module:jackson-module-kotlin" to the classpath
2023-07-21 08:42:58,337 WARN [background-preinit][CompositeLog.java:127] - For Jackson Kotlin classes support please add "com.fasterxml.jackson.module:jackson-module-kotlin" to the classpath
2023-07-21 08:42:58,829 WARN [main][NacosPropertySourceBuilder.java:87] - Ignore the empty nacos configuration and get it based on dataId[auth-service] & group[DEFAULT_GROUP]
2023-07-21 08:42:58,829 WARN [main][NacosPropertySourceBuilder.java:87] - Ignore the empty nacos configuration and get it based on dataId[auth-service] & group[DEFAULT_GROUP]
2023-07-21 08:42:58,840 WARN [main][NacosPropertySourceBuilder.java:87] - Ignore the empty nacos configuration and get it based on dataId[auth-service.properties] & group[DEFAULT_GROUP]
2023-07-21 08:42:58,840 WARN [main][NacosPropertySourceBuilder.java:87] - Ignore the empty nacos configuration and get it based on dataId[auth-service.properties] & group[DEFAULT_GROUP]
2023-07-21 08:42:58,843 INFO [main][PropertySourceBootstrapConfiguration.java:112] - Located property source: [BootstrapPropertySource {name='bootstrapProperties-auth-service.properties,DEFAULT_GROUP'}, BootstrapPropertySource {name='bootstrapProperties-auth-service,DEFAULT_GROUP'}]
2023-07-21 08:42:58,843 INFO [main][PropertySourceBootstrapConfiguration.java:112] - Located property source: [BootstrapPropertySource {name='bootstrapProperties-auth-service.properties,DEFAULT_GROUP'}, BootstrapPropertySource {name='bootstrapProperties-auth-service,DEFAULT_GROUP'}]
2023-07-21 08:42:58,870 INFO [main][SpringApplication.java:651] - No active profile set, falling back to default profiles: default
2023-07-21 08:42:58,870 INFO [main][SpringApplication.java:651] - No active profile set, falling back to default profiles: default
2023-07-21 08:42:59,611 WARN [main][Logger.java:44] - No MyBatis mapper was found in '[edu.hnu]' package. Please check your configuration.
2023-07-21 08:42:59,611 WARN [main][Logger.java:44] - No MyBatis mapper was found in '[edu.hnu]' package. Please check your configuration.
2023-07-21 08:42:59,690 INFO [main][GenericScope.java:295] - BeanFactory id=fc9feaee-b64d-378c-b327-23292cd8a004
2023-07-21 08:42:59,690 INFO [main][GenericScope.java:295] - BeanFactory id=fc9feaee-b64d-378c-b327-23292cd8a004
2023-07-21 08:42:59,803 INFO [main][PostProcessorRegistrationDelegate.java:335] - Bean 'org.springframework.security.access.expression.method.DefaultMethodSecurityExpressionHandler@523d6bdb' of type [org.springframework.security.access.expression.method.DefaultMethodSecurityExpressionHandler] is not eligible for getting processed by all BeanPostProcessors (for example: not eligible for auto-proxying)
2023-07-21 08:42:59,803 INFO [main][PostProcessorRegistrationDelegate.java:335] - Bean 'org.springframework.security.access.expression.method.DefaultMethodSecurityExpressionHandler@523d6bdb' of type [org.springframework.security.access.expression.method.DefaultMethodSecurityExpressionHandler] is not eligible for getting processed by all BeanPostProcessors (for example: not eligible for auto-proxying)
2023-07-21 08:42:59,808 INFO [main][PostProcessorRegistrationDelegate.java:335] - Bean 'methodSecurityMetadataSource' of type [org.springframework.security.access.method.DelegatingMethodSecurityMetadataSource] is not eligible for getting processed by all BeanPostProcessors (for example: not eligible for auto-proxying)
2023-07-21 08:42:59,808 INFO [main][PostProcessorRegistrationDelegate.java:335] - Bean 'methodSecurityMetadataSource' of type [org.springframework.security.access.method.DelegatingMethodSecurityMetadataSource] is not eligible for getting processed by all BeanPostProcessors (for example: not eligible for auto-proxying)
2023-07-21 08:43:00,161 INFO [main][TomcatWebServer.java:108] - Tomcat initialized with port(s): 9000 (http)
2023-07-21 08:43:00,161 INFO [main][TomcatWebServer.java:108] - Tomcat initialized with port(s): 9000 (http)
2023-07-21 08:43:00,170 INFO [main][DirectJDKLog.java:173] - Initializing ProtocolHandler ["http-nio-9000"]
2023-07-21 08:43:00,170 INFO [main][DirectJDKLog.java:173] - Initializing ProtocolHandler ["http-nio-9000"]
2023-07-21 08:43:00,170 INFO [main][DirectJDKLog.java:173] - Starting service [Tomcat]
2023-07-21 08:43:00,170 INFO [main][DirectJDKLog.java:173] - Starting service [Tomcat]
2023-07-21 08:43:00,170 INFO [main][DirectJDKLog.java:173] - Starting Servlet engine: [Apache Tomcat/9.0.41]
2023-07-21 08:43:00,170 INFO [main][DirectJDKLog.java:173] - Starting Servlet engine: [Apache Tomcat/9.0.41]
2023-07-21 08:43:00,303 INFO [main][DirectJDKLog.java:173] - Initializing Spring embedded WebApplicationContext
2023-07-21 08:43:00,303 INFO [main][DirectJDKLog.java:173] - Initializing Spring embedded WebApplicationContext
2023-07-21 08:43:00,304 INFO [main][ServletWebServerApplicationContext.java:285] - Root WebApplicationContext: initialization completed in 1421 ms
2023-07-21 08:43:00,304 INFO [main][ServletWebServerApplicationContext.java:285] - Root WebApplicationContext: initialization completed in 1421 ms
2023-07-21 08:43:00,663 INFO [main][DefaultSecurityFilterChain.java:43] - Creating filter chain: any request, [org.springframework.security.web.context.request.async.WebAsyncManagerIntegrationFilter@4832f03b, org.springframework.security.web.context.SecurityContextPersistenceFilter@521bb1a4, org.springframework.security.web.header.HeaderWriterFilter@37496720, org.springframework.security.web.authentication.logout.LogoutFilter@65eb76cd, edu.hnu.security.JwtAuthenticationTokenFilter@75d4a80f, org.springframework.security.web.authentication.UsernamePasswordAuthenticationFilter@6468a7b6, org.springframework.security.web.savedrequest.RequestCacheAwareFilter@1a0c5e9, org.springframework.security.web.servletapi.SecurityContextHolderAwareRequestFilter@7593ea79, org.springframework.security.web.authentication.AnonymousAuthenticationFilter@7af3874e, org.springframework.security.web.session.SessionManagementFilter@17947e6d, org.springframework.security.web.access.ExceptionTranslationFilter@536d97f8, org.springframework.security.web.access.intercept.FilterSecurityInterceptor@6f044c58]
2023-07-21 08:43:00,663 INFO [main][DefaultSecurityFilterChain.java:43] - Creating filter chain: any request, [org.springframework.security.web.context.request.async.WebAsyncManagerIntegrationFilter@4832f03b, org.springframework.security.web.context.SecurityContextPersistenceFilter@521bb1a4, org.springframework.security.web.header.HeaderWriterFilter@37496720, org.springframework.security.web.authentication.logout.LogoutFilter@65eb76cd, edu.hnu.security.JwtAuthenticationTokenFilter@75d4a80f, org.springframework.security.web.authentication.UsernamePasswordAuthenticationFilter@6468a7b6, org.springframework.security.web.savedrequest.RequestCacheAwareFilter@1a0c5e9, org.springframework.security.web.servletapi.SecurityContextHolderAwareRequestFilter@7593ea79, org.springframework.security.web.authentication.AnonymousAuthenticationFilter@7af3874e, org.springframework.security.web.session.SessionManagementFilter@17947e6d, org.springframework.security.web.access.ExceptionTranslationFilter@536d97f8, org.springframework.security.web.access.intercept.FilterSecurityInterceptor@6f044c58]
2023-07-21 08:43:00,681 WARN [main][URLConfigurationSource.java:121] - No URLs will be polled as dynamic configuration sources.
2023-07-21 08:43:00,681 WARN [main][URLConfigurationSource.java:121] - No URLs will be polled as dynamic configuration sources.
2023-07-21 08:43:00,682 INFO [main][URLConfigurationSource.java:122] - To enable URLs as dynamic configuration sources, define System property archaius.configurationSource.additionalUrls or make config.properties available on classpath.
2023-07-21 08:43:00,682 INFO [main][URLConfigurationSource.java:122] - To enable URLs as dynamic configuration sources, define System property archaius.configurationSource.additionalUrls or make config.properties available on classpath.
2023-07-21 08:43:00,686 WARN [main][URLConfigurationSource.java:121] - No URLs will be polled as dynamic configuration sources.
2023-07-21 08:43:00,686 WARN [main][URLConfigurationSource.java:121] - No URLs will be polled as dynamic configuration sources.
2023-07-21 08:43:00,686 INFO [main][URLConfigurationSource.java:122] - To enable URLs as dynamic configuration sources, define System property archaius.configurationSource.additionalUrls or make config.properties available on classpath.
2023-07-21 08:43:00,686 INFO [main][URLConfigurationSource.java:122] - To enable URLs as dynamic configuration sources, define System property archaius.configurationSource.additionalUrls or make config.properties available on classpath.
2023-07-21 08:43:00,855 INFO [main][ExecutorConfigurationSupport.java:181] - Initializing ExecutorService 'applicationTaskExecutor'
2023-07-21 08:43:00,855 INFO [main][ExecutorConfigurationSupport.java:181] - Initializing ExecutorService 'applicationTaskExecutor'
2023-07-21 08:43:01,346 INFO [main][ExecutorConfigurationSupport.java:181] - Initializing ExecutorService 'Nacos-Watch-Task-Scheduler'
2023-07-21 08:43:01,346 INFO [main][ExecutorConfigurationSupport.java:181] - Initializing ExecutorService 'Nacos-Watch-Task-Scheduler'
2023-07-21 08:43:02,572 INFO [main][InitUtils.java:65] - initializer namespace from System Property :null
2023-07-21 08:43:02,572 INFO [main][InitUtils.java:65] - initializer namespace from System Property :null
2023-07-21 08:43:02,572 INFO [main][InitUtils.java:74] - initializer namespace from System Environment :null
2023-07-21 08:43:02,572 INFO [main][InitUtils.java:74] - initializer namespace from System Environment :null
2023-07-21 08:43:02,573 INFO [main][InitUtils.java:84] - initializer namespace from System Property :null
2023-07-21 08:43:02,573 INFO [main][InitUtils.java:84] - initializer namespace from System Property :null
2023-07-21 08:43:02,679 INFO [main][DirectJDKLog.java:173] - Starting ProtocolHandler ["http-nio-9000"]
2023-07-21 08:43:02,679 INFO [main][DirectJDKLog.java:173] - Starting ProtocolHandler ["http-nio-9000"]
2023-07-21 08:43:02,704 INFO [main][TomcatWebServer.java:220] - Tomcat started on port(s): 9000 (http) with context path '/auth'
2023-07-21 08:43:02,704 INFO [main][TomcatWebServer.java:220] - Tomcat started on port(s): 9000 (http) with context path '/auth'
2023-07-21 08:43:02,709 INFO [main][BeatReactor.java:81] - [BEAT] adding beat: BeatInfo{port=9000, ip='172.20.10.2', weight=1.0, serviceName='citi-project@@auth-service', cluster='DEFAULT', metadata={preserved.register.source=SPRING_CLOUD}, scheduled=false, period=5000, stopped=false} to beat map.
2023-07-21 08:43:02,709 INFO [main][BeatReactor.java:81] - [BEAT] adding beat: BeatInfo{port=9000, ip='172.20.10.2', weight=1.0, serviceName='citi-project@@auth-service', cluster='DEFAULT', metadata={preserved.register.source=SPRING_CLOUD}, scheduled=false, period=5000, stopped=false} to beat map.
2023-07-21 08:43:02,710 INFO [main][NamingProxy.java:230] - [REGISTER-SERVICE] 8d70bda3-6f9c-4800-84b4-ba36e729fb31 registering service citi-project@@auth-service with instance: Instance{instanceId='null', ip='172.20.10.2', port=9000, weight=1.0, healthy=true, enabled=true, ephemeral=true, clusterName='DEFAULT', serviceName='null', metadata={preserved.register.source=SPRING_CLOUD}}
2023-07-21 08:43:02,710 INFO [main][NamingProxy.java:230] - [REGISTER-SERVICE] 8d70bda3-6f9c-4800-84b4-ba36e729fb31 registering service citi-project@@auth-service with instance: Instance{instanceId='null', ip='172.20.10.2', port=9000, weight=1.0, healthy=true, enabled=true, ephemeral=true, clusterName='DEFAULT', serviceName='null', metadata={preserved.register.source=SPRING_CLOUD}}
2023-07-21 08:43:02,716 INFO [main][NacosServiceRegistry.java:75] - nacos registry, citi-project auth-service 172.20.10.2:9000 register finished
2023-07-21 08:43:02,716 INFO [main][NacosServiceRegistry.java:75] - nacos registry, citi-project auth-service 172.20.10.2:9000 register finished
2023-07-21 08:43:03,014 INFO [main][StartupInfoLogger.java:61] - Started DemoApplication in 6.004 seconds (JVM running for 7.294)
2023-07-21 08:43:03,014 INFO [main][StartupInfoLogger.java:61] - Started DemoApplication in 6.004 seconds (JVM running for 7.294)
2023-07-21 08:43:03,017 INFO [main][ClientWorker.java:169] - [fixed-localhost_8848] [subscribe] auth-service+DEFAULT_GROUP
2023-07-21 08:43:03,017 INFO [main][ClientWorker.java:169] - [fixed-localhost_8848] [subscribe] auth-service+DEFAULT_GROUP
2023-07-21 08:43:03,018 INFO [main][CacheData.java:92] - [fixed-localhost_8848] [add-listener] ok, tenant=, dataId=auth-service, group=DEFAULT_GROUP, cnt=1
2023-07-21 08:43:03,018 INFO [main][CacheData.java:92] - [fixed-localhost_8848] [add-listener] ok, tenant=, dataId=auth-service, group=DEFAULT_GROUP, cnt=1
2023-07-21 08:43:03,019 INFO [main][ClientWorker.java:169] - [fixed-localhost_8848] [subscribe] auth-service.properties+DEFAULT_GROUP
2023-07-21 08:43:03,019 INFO [main][ClientWorker.java:169] - [fixed-localhost_8848] [subscribe] auth-service.properties+DEFAULT_GROUP
2023-07-21 08:43:03,019 INFO [main][CacheData.java:92] - [fixed-localhost_8848] [add-listener] ok, tenant=, dataId=auth-service.properties, group=DEFAULT_GROUP, cnt=1
2023-07-21 08:43:03,019 INFO [main][CacheData.java:92] - [fixed-localhost_8848] [add-listener] ok, tenant=, dataId=auth-service.properties, group=DEFAULT_GROUP, cnt=1
2023-07-21 08:43:03,700 INFO [com.alibaba.nacos.client.naming.updater][HostReactor.java:232] - new ips(1) service: citi-project@@auth-service@@DEFAULT -> [{"instanceId":"172.20.10.2#9000#DEFAULT#citi-project@@auth-service","ip":"172.20.10.2","port":9000,"weight":1.0,"healthy":true,"enabled":true,"ephemeral":true,"clusterName":"DEFAULT","serviceName":"auth-service","metadata":{"preserved.register.source":"SPRING_CLOUD"},"ipDeleteTimeout":30000,"instanceHeartBeatTimeOut":15000,"instanceHeartBeatInterval":5000}]
2023-07-21 08:43:03,700 INFO [com.alibaba.nacos.client.naming.updater][HostReactor.java:232] - new ips(1) service: citi-project@@auth-service@@DEFAULT -> [{"instanceId":"172.20.10.2#9000#DEFAULT#citi-project@@auth-service","ip":"172.20.10.2","port":9000,"weight":1.0,"healthy":true,"enabled":true,"ephemeral":true,"clusterName":"DEFAULT","serviceName":"auth-service","metadata":{"preserved.register.source":"SPRING_CLOUD"},"ipDeleteTimeout":30000,"instanceHeartBeatTimeOut":15000,"instanceHeartBeatInterval":5000}]
2023-07-21 08:43:03,707 INFO [com.alibaba.nacos.client.naming.updater][HostReactor.java:271] - current ips:(1) service: citi-project@@auth-service@@DEFAULT -> [{"instanceId":"172.20.10.2#9000#DEFAULT#citi-project@@auth-service","ip":"172.20.10.2","port":9000,"weight":1.0,"healthy":true,"enabled":true,"ephemeral":true,"clusterName":"DEFAULT","serviceName":"auth-service","metadata":{"preserved.register.source":"SPRING_CLOUD"},"ipDeleteTimeout":30000,"instanceHeartBeatTimeOut":15000,"instanceHeartBeatInterval":5000}]
2023-07-21 08:43:03,707 INFO [com.alibaba.nacos.client.naming.updater][HostReactor.java:271] - current ips:(1) service: citi-project@@auth-service@@DEFAULT -> [{"instanceId":"172.20.10.2#9000#DEFAULT#citi-project@@auth-service","ip":"172.20.10.2","port":9000,"weight":1.0,"healthy":true,"enabled":true,"ephemeral":true,"clusterName":"DEFAULT","serviceName":"auth-service","metadata":{"preserved.register.source":"SPRING_CLOUD"},"ipDeleteTimeout":30000,"instanceHeartBeatTimeOut":15000,"instanceHeartBeatInterval":5000}]
2023-07-21 08:43:23,477 INFO [http-nio-9000-exec-1][DirectJDKLog.java:173] - Initializing Spring DispatcherServlet 'dispatcherServlet'
2023-07-21 08:43:23,477 INFO [http-nio-9000-exec-1][DirectJDKLog.java:173] - Initializing Spring DispatcherServlet 'dispatcherServlet'
2023-07-21 08:43:23,478 INFO [http-nio-9000-exec-1][FrameworkServlet.java:525] - Initializing Servlet 'dispatcherServlet'
2023-07-21 08:43:23,478 INFO [http-nio-9000-exec-1][FrameworkServlet.java:525] - Initializing Servlet 'dispatcherServlet'
2023-07-21 08:43:23,490 INFO [http-nio-9000-exec-1][FrameworkServlet.java:547] - Completed initialization in 12 ms
2023-07-21 08:43:23,490 INFO [http-nio-9000-exec-1][FrameworkServlet.java:547] - Completed initialization in 12 ms
