2023-07-21 09:18:19,968 ERROR [http-nio-9000-exec-3][DirectJDKLog.java:175] - Servlet.service() for servlet [dispatcherServlet] in context with path [/auth] threw exception
org.springframework.security.web.firewall.RequestRejectedException: The request was rejected because the URL contained a potentially malicious String ";"
	at org.springframework.security.web.firewall.StrictHttpFirewall.rejectedBlacklistedUrls(StrictHttpFirewall.java:369)
	at org.springframework.security.web.firewall.StrictHttpFirewall.getFirewalledRequest(StrictHttpFirewall.java:336)
	at org.springframework.security.web.FilterChainProxy.doFilterInternal(FilterChainProxy.java:194)
	at org.springframework.security.web.FilterChainProxy.doFilter(FilterChainProxy.java:178)
	at org.springframework.web.filter.DelegatingFilterProxy.invokeDelegate(DelegatingFilterProxy.java:358)
	at org.springframework.web.filter.DelegatingFilterProxy.doFilter(DelegatingFilterProxy.java:271)
	at org.apache.catalina.core.ApplicationFilterChain.internalDoFilter(ApplicationFilterChain.java:193)
	at org.apache.catalina.core.ApplicationFilterChain.doFilter(ApplicationFilterChain.java:166)
	at org.springframework.web.filter.RequestContextFilter.doFilterInternal(RequestContextFilter.java:100)
	at org.springframework.web.filter.OncePerRequestFilter.doFilter(OncePerRequestFilter.java:119)
	at org.apache.catalina.core.ApplicationFilterChain.internalDoFilter(ApplicationFilterChain.java:193)
	at org.apache.catalina.core.ApplicationFilterChain.doFilter(ApplicationFilterChain.java:166)
	at org.springframework.web.filter.FormContentFilter.doFilterInternal(FormContentFilter.java:93)
	at org.springframework.web.filter.OncePerRequestFilter.doFilter(OncePerRequestFilter.java:119)
	at org.apache.catalina.core.ApplicationFilterChain.internalDoFilter(ApplicationFilterChain.java:193)
	at org.apache.catalina.core.ApplicationFilterChain.doFilter(ApplicationFilterChain.java:166)
	at org.springframework.web.filter.CharacterEncodingFilter.doFilterInternal(CharacterEncodingFilter.java:201)
	at org.springframework.web.filter.OncePerRequestFilter.doFilter(OncePerRequestFilter.java:119)
	at org.apache.catalina.core.ApplicationFilterChain.internalDoFilter(ApplicationFilterChain.java:193)
	at org.apache.catalina.core.ApplicationFilterChain.doFilter(ApplicationFilterChain.java:166)
	at org.apache.catalina.core.StandardWrapperValve.invoke(StandardWrapperValve.java:202)
	at org.apache.catalina.core.StandardContextValve.invoke(StandardContextValve.java:97)
	at org.apache.catalina.authenticator.AuthenticatorBase.invoke(AuthenticatorBase.java:542)
	at org.apache.catalina.core.StandardHostValve.invoke(StandardHostValve.java:143)
	at org.apache.catalina.valves.ErrorReportValve.invoke(ErrorReportValve.java:92)
	at org.apache.catalina.core.StandardEngineValve.invoke(StandardEngineValve.java:78)
	at org.apache.catalina.connector.CoyoteAdapter.service(CoyoteAdapter.java:343)
	at org.apache.coyote.http11.Http11Processor.service(Http11Processor.java:374)
	at org.apache.coyote.AbstractProcessorLight.process(AbstractProcessorLight.java:65)
	at org.apache.coyote.AbstractProtocol$ConnectionHandler.process(AbstractProtocol.java:888)
	at org.apache.tomcat.util.net.NioEndpoint$SocketProcessor.doRun(NioEndpoint.java:1597)
	at org.apache.tomcat.util.net.SocketProcessorBase.run(SocketProcessorBase.java:49)
	at java.util.concurrent.ThreadPoolExecutor.runWorker(ThreadPoolExecutor.java:1149)
	at java.util.concurrent.ThreadPoolExecutor$Worker.run(ThreadPoolExecutor.java:624)
	at org.apache.tomcat.util.threads.TaskThread$WrappingRunnable.run(TaskThread.java:61)
	at java.lang.Thread.run(Thread.java:748)
2023-07-21 09:18:19,968 ERROR [http-nio-9000-exec-3][DirectJDKLog.java:175] - Servlet.service() for servlet [dispatcherServlet] in context with path [/auth] threw exception
org.springframework.security.web.firewall.RequestRejectedException: The request was rejected because the URL contained a potentially malicious String ";"
	at org.springframework.security.web.firewall.StrictHttpFirewall.rejectedBlacklistedUrls(StrictHttpFirewall.java:369)
	at org.springframework.security.web.firewall.StrictHttpFirewall.getFirewalledRequest(StrictHttpFirewall.java:336)
	at org.springframework.security.web.FilterChainProxy.doFilterInternal(FilterChainProxy.java:194)
	at org.springframework.security.web.FilterChainProxy.doFilter(FilterChainProxy.java:178)
	at org.springframework.web.filter.DelegatingFilterProxy.invokeDelegate(DelegatingFilterProxy.java:358)
	at org.springframework.web.filter.DelegatingFilterProxy.doFilter(DelegatingFilterProxy.java:271)
	at org.apache.catalina.core.ApplicationFilterChain.internalDoFilter(ApplicationFilterChain.java:193)
	at org.apache.catalina.core.ApplicationFilterChain.doFilter(ApplicationFilterChain.java:166)
	at org.springframework.web.filter.RequestContextFilter.doFilterInternal(RequestContextFilter.java:100)
	at org.springframework.web.filter.OncePerRequestFilter.doFilter(OncePerRequestFilter.java:119)
	at org.apache.catalina.core.ApplicationFilterChain.internalDoFilter(ApplicationFilterChain.java:193)
	at org.apache.catalina.core.ApplicationFilterChain.doFilter(ApplicationFilterChain.java:166)
	at org.springframework.web.filter.FormContentFilter.doFilterInternal(FormContentFilter.java:93)
	at org.springframework.web.filter.OncePerRequestFilter.doFilter(OncePerRequestFilter.java:119)
	at org.apache.catalina.core.ApplicationFilterChain.internalDoFilter(ApplicationFilterChain.java:193)
	at org.apache.catalina.core.ApplicationFilterChain.doFilter(ApplicationFilterChain.java:166)
	at org.springframework.web.filter.CharacterEncodingFilter.doFilterInternal(CharacterEncodingFilter.java:201)
	at org.springframework.web.filter.OncePerRequestFilter.doFilter(OncePerRequestFilter.java:119)
	at org.apache.catalina.core.ApplicationFilterChain.internalDoFilter(ApplicationFilterChain.java:193)
	at org.apache.catalina.core.ApplicationFilterChain.doFilter(ApplicationFilterChain.java:166)
	at org.apache.catalina.core.StandardWrapperValve.invoke(StandardWrapperValve.java:202)
	at org.apache.catalina.core.StandardContextValve.invoke(StandardContextValve.java:97)
	at org.apache.catalina.authenticator.AuthenticatorBase.invoke(AuthenticatorBase.java:542)
	at org.apache.catalina.core.StandardHostValve.invoke(StandardHostValve.java:143)
	at org.apache.catalina.valves.ErrorReportValve.invoke(ErrorReportValve.java:92)
	at org.apache.catalina.core.StandardEngineValve.invoke(StandardEngineValve.java:78)
	at org.apache.catalina.connector.CoyoteAdapter.service(CoyoteAdapter.java:343)
	at org.apache.coyote.http11.Http11Processor.service(Http11Processor.java:374)
	at org.apache.coyote.AbstractProcessorLight.process(AbstractProcessorLight.java:65)
	at org.apache.coyote.AbstractProtocol$ConnectionHandler.process(AbstractProtocol.java:888)
	at org.apache.tomcat.util.net.NioEndpoint$SocketProcessor.doRun(NioEndpoint.java:1597)
	at org.apache.tomcat.util.net.SocketProcessorBase.run(SocketProcessorBase.java:49)
	at java.util.concurrent.ThreadPoolExecutor.runWorker(ThreadPoolExecutor.java:1149)
	at java.util.concurrent.ThreadPoolExecutor$Worker.run(ThreadPoolExecutor.java:624)
	at org.apache.tomcat.util.threads.TaskThread$WrappingRunnable.run(TaskThread.java:61)
	at java.lang.Thread.run(Thread.java:748)
2023-07-21 09:27:06,185 WARN [Thread-23][NotifyCenter.java:145] - [NotifyCenter] Start destroying Publisher
2023-07-21 09:27:06,185 WARN [Thread-4][HttpClientBeanHolder.java:108] - [HttpClientBeanHolder] Start destroying common HttpClient
2023-07-21 09:27:06,185 WARN [Thread-4][HttpClientBeanHolder.java:108] - [HttpClientBeanHolder] Start destroying common HttpClient
2023-07-21 09:27:06,185 WARN [Thread-23][NotifyCenter.java:145] - [NotifyCenter] Start destroying Publisher
2023-07-21 09:27:06,186 WARN [Thread-23][NotifyCenter.java:162] - [NotifyCenter] Destruction of the end
2023-07-21 09:27:06,186 WARN [Thread-23][NotifyCenter.java:162] - [NotifyCenter] Destruction of the end
2023-07-21 09:27:06,186 WARN [Thread-4][HttpClientBeanHolder.java:114] - [HttpClientBeanHolder] Destruction of the end
2023-07-21 09:27:06,186 WARN [Thread-4][HttpClientBeanHolder.java:114] - [HttpClientBeanHolder] Destruction of the end
2023-07-21 09:27:06,428 INFO [SpringContextShutdownHook][ExecutorConfigurationSupport.java:218] - Shutting down ExecutorService 'Nacos-Watch-Task-Scheduler'
2023-07-21 09:27:06,428 INFO [SpringContextShutdownHook][ExecutorConfigurationSupport.java:218] - Shutting down ExecutorService 'Nacos-Watch-Task-Scheduler'
2023-07-21 09:27:06,433 INFO [SpringContextShutdownHook][NacosServiceRegistry.java:94] - De-registering from Nacos Server now...
2023-07-21 09:27:06,433 INFO [SpringContextShutdownHook][NacosServiceRegistry.java:94] - De-registering from Nacos Server now...
2023-07-21 09:27:06,434 INFO [SpringContextShutdownHook][BeatReactor.java:101] - [BEAT] removing beat: citi-project@@auth-service:172.20.10.2:9000 from beat map.
2023-07-21 09:27:06,434 INFO [SpringContextShutdownHook][BeatReactor.java:101] - [BEAT] removing beat: citi-project@@auth-service:172.20.10.2:9000 from beat map.
2023-07-21 09:27:06,434 INFO [SpringContextShutdownHook][NamingProxy.java:260] - [DEREGISTER-SERVICE] 8d70bda3-6f9c-4800-84b4-ba36e729fb31 deregistering service citi-project@@auth-service with instance: Instance{instanceId='null', ip='172.20.10.2', port=9000, weight=1.0, healthy=true, enabled=true, ephemeral=true, clusterName='DEFAULT', serviceName='null', metadata={}}
2023-07-21 09:27:06,434 INFO [SpringContextShutdownHook][NamingProxy.java:260] - [DEREGISTER-SERVICE] 8d70bda3-6f9c-4800-84b4-ba36e729fb31 deregistering service citi-project@@auth-service with instance: Instance{instanceId='null', ip='172.20.10.2', port=9000, weight=1.0, healthy=true, enabled=true, ephemeral=true, clusterName='DEFAULT', serviceName='null', metadata={}}
2023-07-21 09:27:06,437 INFO [SpringContextShutdownHook][NacosServiceRegistry.java:114] - De-registration finished.
2023-07-21 09:27:06,437 INFO [SpringContextShutdownHook][NacosServiceRegistry.java:114] - De-registration finished.
2023-07-21 09:27:06,438 INFO [SpringContextShutdownHook][BeatReactor.java:147] - com.alibaba.nacos.client.naming.beat.BeatReactor do shutdown begin
2023-07-21 09:27:06,438 INFO [SpringContextShutdownHook][BeatReactor.java:147] - com.alibaba.nacos.client.naming.beat.BeatReactor do shutdown begin
2023-07-21 09:27:06,704 INFO [com.alibaba.nacos.client.naming.updater][HostReactor.java:238] - removed ips(1) service: citi-project@@auth-service@@DEFAULT -> [{"instanceId":"172.20.10.2#9000#DEFAULT#citi-project@@auth-service","ip":"172.20.10.2","port":9000,"weight":1.0,"healthy":true,"enabled":true,"ephemeral":true,"clusterName":"DEFAULT","serviceName":"auth-service","metadata":{"preserved.register.source":"SPRING_CLOUD"},"ipDeleteTimeout":30000,"instanceHeartBeatTimeOut":15000,"instanceHeartBeatInterval":5000}]
2023-07-21 09:27:06,704 INFO [com.alibaba.nacos.client.naming.updater][HostReactor.java:238] - removed ips(1) service: citi-project@@auth-service@@DEFAULT -> [{"instanceId":"172.20.10.2#9000#DEFAULT#citi-project@@auth-service","ip":"172.20.10.2","port":9000,"weight":1.0,"healthy":true,"enabled":true,"ephemeral":true,"clusterName":"DEFAULT","serviceName":"auth-service","metadata":{"preserved.register.source":"SPRING_CLOUD"},"ipDeleteTimeout":30000,"instanceHeartBeatTimeOut":15000,"instanceHeartBeatInterval":5000}]
2023-07-21 09:27:06,707 INFO [com.alibaba.nacos.client.naming.updater][HostReactor.java:271] - current ips:(0) service: citi-project@@auth-service@@DEFAULT -> []
2023-07-21 09:27:06,707 INFO [com.alibaba.nacos.client.naming.updater][HostReactor.java:271] - current ips:(0) service: citi-project@@auth-service@@DEFAULT -> []
2023-07-21 09:27:08,551 INFO [SpringContextShutdownHook][BeatReactor.java:149] - com.alibaba.nacos.client.naming.beat.BeatReactor do shutdown stop
2023-07-21 09:27:08,551 INFO [SpringContextShutdownHook][BeatReactor.java:149] - com.alibaba.nacos.client.naming.beat.BeatReactor do shutdown stop
2023-07-21 09:27:08,551 INFO [SpringContextShutdownHook][HostReactor.java:413] - com.alibaba.nacos.client.naming.core.HostReactor do shutdown begin
2023-07-21 09:27:08,551 INFO [SpringContextShutdownHook][HostReactor.java:413] - com.alibaba.nacos.client.naming.core.HostReactor do shutdown begin
2023-07-21 09:27:08,722 INFO [SpringContextShutdownHook][PushReceiver.java:132] - com.alibaba.nacos.client.naming.core.PushReceiver do shutdown begin
2023-07-21 09:27:08,722 INFO [SpringContextShutdownHook][PushReceiver.java:132] - com.alibaba.nacos.client.naming.core.PushReceiver do shutdown begin
2023-07-21 09:27:11,756 INFO [SpringContextShutdownHook][PushReceiver.java:136] - com.alibaba.nacos.client.naming.core.PushReceiver do shutdown stop
2023-07-21 09:27:11,756 INFO [SpringContextShutdownHook][PushReceiver.java:136] - com.alibaba.nacos.client.naming.core.PushReceiver do shutdown stop
2023-07-21 09:27:11,756 INFO [SpringContextShutdownHook][FailoverReactor.java:132] - com.alibaba.nacos.client.naming.backups.FailoverReactor do shutdown begin
2023-07-21 09:27:11,756 INFO [SpringContextShutdownHook][FailoverReactor.java:132] - com.alibaba.nacos.client.naming.backups.FailoverReactor do shutdown begin
2023-07-21 09:27:11,756 INFO [SpringContextShutdownHook][FailoverReactor.java:134] - com.alibaba.nacos.client.naming.backups.FailoverReactor do shutdown stop
2023-07-21 09:27:11,756 INFO [SpringContextShutdownHook][FailoverReactor.java:134] - com.alibaba.nacos.client.naming.backups.FailoverReactor do shutdown stop
2023-07-21 09:27:11,757 INFO [SpringContextShutdownHook][HostReactor.java:418] - com.alibaba.nacos.client.naming.core.HostReactor do shutdown stop
2023-07-21 09:27:11,757 INFO [SpringContextShutdownHook][HostReactor.java:418] - com.alibaba.nacos.client.naming.core.HostReactor do shutdown stop
2023-07-21 09:27:11,757 INFO [SpringContextShutdownHook][NamingProxy.java:719] - com.alibaba.nacos.client.naming.net.NamingProxy do shutdown begin
2023-07-21 09:27:11,757 INFO [SpringContextShutdownHook][NamingProxy.java:719] - com.alibaba.nacos.client.naming.net.NamingProxy do shutdown begin
2023-07-21 09:27:11,757 WARN [SpringContextShutdownHook][NamingHttpClientManager.java:72] - [NamingHttpClientManager] Start destroying NacosRestTemplate
2023-07-21 09:27:11,757 WARN [SpringContextShutdownHook][NamingHttpClientManager.java:72] - [NamingHttpClientManager] Start destroying NacosRestTemplate
2023-07-21 09:27:11,758 WARN [SpringContextShutdownHook][NamingHttpClientManager.java:79] - [NamingHttpClientManager] Destruction of the end
2023-07-21 09:27:11,758 WARN [SpringContextShutdownHook][NamingHttpClientManager.java:79] - [NamingHttpClientManager] Destruction of the end
2023-07-21 09:27:11,758 INFO [SpringContextShutdownHook][CredentialWatcher.java:105] - [null] CredentialWatcher is stopped
2023-07-21 09:27:11,758 INFO [SpringContextShutdownHook][CredentialWatcher.java:105] - [null] CredentialWatcher is stopped
2023-07-21 09:27:11,758 INFO [SpringContextShutdownHook][CredentialService.java:98] - [null] CredentialService is freed
2023-07-21 09:27:11,758 INFO [SpringContextShutdownHook][CredentialService.java:98] - [null] CredentialService is freed
2023-07-21 09:27:11,758 INFO [SpringContextShutdownHook][NamingProxy.java:723] - com.alibaba.nacos.client.naming.net.NamingProxy do shutdown stop
2023-07-21 09:27:11,758 INFO [SpringContextShutdownHook][NamingProxy.java:723] - com.alibaba.nacos.client.naming.net.NamingProxy do shutdown stop
2023-07-21 09:27:11,758 WARN [SpringContextShutdownHook][DisposableBeanAdapter.java:349] - Destroy method 'close' on bean with name 'nacosServiceRegistry' threw an exception: java.lang.NullPointerException
2023-07-21 09:27:11,758 WARN [SpringContextShutdownHook][DisposableBeanAdapter.java:349] - Destroy method 'close' on bean with name 'nacosServiceRegistry' threw an exception: java.lang.NullPointerException
2023-07-21 09:27:11,760 INFO [SpringContextShutdownHook][ExecutorConfigurationSupport.java:218] - Shutting down ExecutorService 'applicationTaskExecutor'
2023-07-21 09:27:11,760 INFO [SpringContextShutdownHook][ExecutorConfigurationSupport.java:218] - Shutting down ExecutorService 'applicationTaskExecutor'
2023-07-21 09:46:15,726 INFO [background-preinit][Version.java:21] - HV000001: Hibernate Validator 6.1.6.Final
2023-07-21 09:46:15,726 INFO [background-preinit][Version.java:21] - HV000001: Hibernate Validator 6.1.6.Final
2023-07-21 09:46:16,161 WARN [background-preinit][CompositeLog.java:127] - For Jackson Kotlin classes support please add "com.fasterxml.jackson.module:jackson-module-kotlin" to the classpath
2023-07-21 09:46:16,161 WARN [background-preinit][CompositeLog.java:127] - For Jackson Kotlin classes support please add "com.fasterxml.jackson.module:jackson-module-kotlin" to the classpath
2023-07-21 09:46:16,622 WARN [main][NacosPropertySourceBuilder.java:87] - Ignore the empty nacos configuration and get it based on dataId[auth-service] & group[DEFAULT_GROUP]
2023-07-21 09:46:16,622 WARN [main][NacosPropertySourceBuilder.java:87] - Ignore the empty nacos configuration and get it based on dataId[auth-service] & group[DEFAULT_GROUP]
2023-07-21 09:46:16,633 WARN [main][NacosPropertySourceBuilder.java:87] - Ignore the empty nacos configuration and get it based on dataId[auth-service.properties] & group[DEFAULT_GROUP]
2023-07-21 09:46:16,633 WARN [main][NacosPropertySourceBuilder.java:87] - Ignore the empty nacos configuration and get it based on dataId[auth-service.properties] & group[DEFAULT_GROUP]
2023-07-21 09:46:16,635 INFO [main][PropertySourceBootstrapConfiguration.java:112] - Located property source: [BootstrapPropertySource {name='bootstrapProperties-auth-service.properties,DEFAULT_GROUP'}, BootstrapPropertySource {name='bootstrapProperties-auth-service,DEFAULT_GROUP'}]
2023-07-21 09:46:16,635 INFO [main][PropertySourceBootstrapConfiguration.java:112] - Located property source: [BootstrapPropertySource {name='bootstrapProperties-auth-service.properties,DEFAULT_GROUP'}, BootstrapPropertySource {name='bootstrapProperties-auth-service,DEFAULT_GROUP'}]
2023-07-21 09:46:16,662 INFO [main][SpringApplication.java:651] - No active profile set, falling back to default profiles: default
2023-07-21 09:46:16,662 INFO [main][SpringApplication.java:651] - No active profile set, falling back to default profiles: default
2023-07-21 09:46:17,697 INFO [main][GenericScope.java:295] - BeanFactory id=f97f340e-c5b3-337b-b83c-70d33e50d672
2023-07-21 09:46:17,697 INFO [main][GenericScope.java:295] - BeanFactory id=f97f340e-c5b3-337b-b83c-70d33e50d672
2023-07-21 09:46:17,882 INFO [main][PostProcessorRegistrationDelegate.java:335] - Bean 'org.springframework.security.access.expression.method.DefaultMethodSecurityExpressionHandler@38fc5554' of type [org.springframework.security.access.expression.method.DefaultMethodSecurityExpressionHandler] is not eligible for getting processed by all BeanPostProcessors (for example: not eligible for auto-proxying)
2023-07-21 09:46:17,882 INFO [main][PostProcessorRegistrationDelegate.java:335] - Bean 'org.springframework.security.access.expression.method.DefaultMethodSecurityExpressionHandler@38fc5554' of type [org.springframework.security.access.expression.method.DefaultMethodSecurityExpressionHandler] is not eligible for getting processed by all BeanPostProcessors (for example: not eligible for auto-proxying)
2023-07-21 09:46:17,892 INFO [main][PostProcessorRegistrationDelegate.java:335] - Bean 'methodSecurityMetadataSource' of type [org.springframework.security.access.method.DelegatingMethodSecurityMetadataSource] is not eligible for getting processed by all BeanPostProcessors (for example: not eligible for auto-proxying)
2023-07-21 09:46:17,892 INFO [main][PostProcessorRegistrationDelegate.java:335] - Bean 'methodSecurityMetadataSource' of type [org.springframework.security.access.method.DelegatingMethodSecurityMetadataSource] is not eligible for getting processed by all BeanPostProcessors (for example: not eligible for auto-proxying)
2023-07-21 09:46:18,241 INFO [main][TomcatWebServer.java:108] - Tomcat initialized with port(s): 9000 (http)
2023-07-21 09:46:18,241 INFO [main][TomcatWebServer.java:108] - Tomcat initialized with port(s): 9000 (http)
2023-07-21 09:46:18,252 INFO [main][DirectJDKLog.java:173] - Initializing ProtocolHandler ["http-nio-9000"]
2023-07-21 09:46:18,252 INFO [main][DirectJDKLog.java:173] - Initializing ProtocolHandler ["http-nio-9000"]
2023-07-21 09:46:18,253 INFO [main][DirectJDKLog.java:173] - Starting service [Tomcat]
2023-07-21 09:46:18,253 INFO [main][DirectJDKLog.java:173] - Starting service [Tomcat]
2023-07-21 09:46:18,253 INFO [main][DirectJDKLog.java:173] - Starting Servlet engine: [Apache Tomcat/9.0.41]
2023-07-21 09:46:18,253 INFO [main][DirectJDKLog.java:173] - Starting Servlet engine: [Apache Tomcat/9.0.41]
2023-07-21 09:46:18,548 INFO [main][DirectJDKLog.java:173] - Initializing Spring embedded WebApplicationContext
2023-07-21 09:46:18,548 INFO [main][DirectJDKLog.java:173] - Initializing Spring embedded WebApplicationContext
2023-07-21 09:46:18,548 INFO [main][ServletWebServerApplicationContext.java:285] - Root WebApplicationContext: initialization completed in 1873 ms
2023-07-21 09:46:18,548 INFO [main][ServletWebServerApplicationContext.java:285] - Root WebApplicationContext: initialization completed in 1873 ms
2023-07-21 09:46:19,774 INFO [main][DefaultSecurityFilterChain.java:43] - Creating filter chain: any request, [org.springframework.security.web.context.request.async.WebAsyncManagerIntegrationFilter@7a9eccc4, org.springframework.security.web.context.SecurityContextPersistenceFilter@14c93774, org.springframework.security.web.header.HeaderWriterFilter@315105f, org.springframework.security.web.authentication.logout.LogoutFilter@70025b99, edu.hnu.security.JwtAuthenticationTokenFilter@1a500561, org.springframework.security.web.authentication.UsernamePasswordAuthenticationFilter@40de8f93, org.springframework.security.web.savedrequest.RequestCacheAwareFilter@18b74ea, org.springframework.security.web.servletapi.SecurityContextHolderAwareRequestFilter@67536ae0, org.springframework.security.web.authentication.AnonymousAuthenticationFilter@78422efb, org.springframework.security.web.session.SessionManagementFilter@40247d48, org.springframework.security.web.access.ExceptionTranslationFilter@2be21396, org.springframework.security.web.access.intercept.FilterSecurityInterceptor@e784320]
2023-07-21 09:46:19,774 INFO [main][DefaultSecurityFilterChain.java:43] - Creating filter chain: any request, [org.springframework.security.web.context.request.async.WebAsyncManagerIntegrationFilter@7a9eccc4, org.springframework.security.web.context.SecurityContextPersistenceFilter@14c93774, org.springframework.security.web.header.HeaderWriterFilter@315105f, org.springframework.security.web.authentication.logout.LogoutFilter@70025b99, edu.hnu.security.JwtAuthenticationTokenFilter@1a500561, org.springframework.security.web.authentication.UsernamePasswordAuthenticationFilter@40de8f93, org.springframework.security.web.savedrequest.RequestCacheAwareFilter@18b74ea, org.springframework.security.web.servletapi.SecurityContextHolderAwareRequestFilter@67536ae0, org.springframework.security.web.authentication.AnonymousAuthenticationFilter@78422efb, org.springframework.security.web.session.SessionManagementFilter@40247d48, org.springframework.security.web.access.ExceptionTranslationFilter@2be21396, org.springframework.security.web.access.intercept.FilterSecurityInterceptor@e784320]
2023-07-21 09:46:19,800 WARN [main][URLConfigurationSource.java:121] - No URLs will be polled as dynamic configuration sources.
2023-07-21 09:46:19,800 WARN [main][URLConfigurationSource.java:121] - No URLs will be polled as dynamic configuration sources.
2023-07-21 09:46:19,800 INFO [main][URLConfigurationSource.java:122] - To enable URLs as dynamic configuration sources, define System property archaius.configurationSource.additionalUrls or make config.properties available on classpath.
2023-07-21 09:46:19,800 INFO [main][URLConfigurationSource.java:122] - To enable URLs as dynamic configuration sources, define System property archaius.configurationSource.additionalUrls or make config.properties available on classpath.
2023-07-21 09:46:19,805 WARN [main][URLConfigurationSource.java:121] - No URLs will be polled as dynamic configuration sources.
2023-07-21 09:46:19,805 WARN [main][URLConfigurationSource.java:121] - No URLs will be polled as dynamic configuration sources.
2023-07-21 09:46:19,806 INFO [main][URLConfigurationSource.java:122] - To enable URLs as dynamic configuration sources, define System property archaius.configurationSource.additionalUrls or make config.properties available on classpath.
2023-07-21 09:46:19,806 INFO [main][URLConfigurationSource.java:122] - To enable URLs as dynamic configuration sources, define System property archaius.configurationSource.additionalUrls or make config.properties available on classpath.
2023-07-21 09:46:20,008 INFO [main][ExecutorConfigurationSupport.java:181] - Initializing ExecutorService 'applicationTaskExecutor'
2023-07-21 09:46:20,008 INFO [main][ExecutorConfigurationSupport.java:181] - Initializing ExecutorService 'applicationTaskExecutor'
2023-07-21 09:46:20,614 INFO [main][ExecutorConfigurationSupport.java:181] - Initializing ExecutorService 'Nacos-Watch-Task-Scheduler'
2023-07-21 09:46:20,614 INFO [main][ExecutorConfigurationSupport.java:181] - Initializing ExecutorService 'Nacos-Watch-Task-Scheduler'
2023-07-21 09:46:21,383 INFO [main][InitUtils.java:65] - initializer namespace from System Property :null
2023-07-21 09:46:21,383 INFO [main][InitUtils.java:65] - initializer namespace from System Property :null
2023-07-21 09:46:21,384 INFO [main][InitUtils.java:74] - initializer namespace from System Environment :null
2023-07-21 09:46:21,384 INFO [main][InitUtils.java:74] - initializer namespace from System Environment :null
2023-07-21 09:46:21,385 INFO [main][InitUtils.java:84] - initializer namespace from System Property :null
2023-07-21 09:46:21,385 INFO [main][InitUtils.java:84] - initializer namespace from System Property :null
2023-07-21 09:46:21,493 INFO [main][DirectJDKLog.java:173] - Starting ProtocolHandler ["http-nio-9000"]
2023-07-21 09:46:21,493 INFO [main][DirectJDKLog.java:173] - Starting ProtocolHandler ["http-nio-9000"]
2023-07-21 09:46:21,517 INFO [main][TomcatWebServer.java:220] - Tomcat started on port(s): 9000 (http) with context path '/auth'
2023-07-21 09:46:21,517 INFO [main][TomcatWebServer.java:220] - Tomcat started on port(s): 9000 (http) with context path '/auth'
2023-07-21 09:46:21,522 INFO [main][BeatReactor.java:81] - [BEAT] adding beat: BeatInfo{port=9000, ip='172.20.10.2', weight=1.0, serviceName='citi-project@@auth-service', cluster='DEFAULT', metadata={preserved.register.source=SPRING_CLOUD}, scheduled=false, period=5000, stopped=false} to beat map.
2023-07-21 09:46:21,522 INFO [main][BeatReactor.java:81] - [BEAT] adding beat: BeatInfo{port=9000, ip='172.20.10.2', weight=1.0, serviceName='citi-project@@auth-service', cluster='DEFAULT', metadata={preserved.register.source=SPRING_CLOUD}, scheduled=false, period=5000, stopped=false} to beat map.
2023-07-21 09:46:21,523 INFO [main][NamingProxy.java:230] - [REGISTER-SERVICE] 8d70bda3-6f9c-4800-84b4-ba36e729fb31 registering service citi-project@@auth-service with instance: Instance{instanceId='null', ip='172.20.10.2', port=9000, weight=1.0, healthy=true, enabled=true, ephemeral=true, clusterName='DEFAULT', serviceName='null', metadata={preserved.register.source=SPRING_CLOUD}}
2023-07-21 09:46:21,523 INFO [main][NamingProxy.java:230] - [REGISTER-SERVICE] 8d70bda3-6f9c-4800-84b4-ba36e729fb31 registering service citi-project@@auth-service with instance: Instance{instanceId='null', ip='172.20.10.2', port=9000, weight=1.0, healthy=true, enabled=true, ephemeral=true, clusterName='DEFAULT', serviceName='null', metadata={preserved.register.source=SPRING_CLOUD}}
2023-07-21 09:46:21,528 INFO [main][NacosServiceRegistry.java:75] - nacos registry, citi-project auth-service 172.20.10.2:9000 register finished
2023-07-21 09:46:21,528 INFO [main][NacosServiceRegistry.java:75] - nacos registry, citi-project auth-service 172.20.10.2:9000 register finished
2023-07-21 09:46:21,833 INFO [main][StartupInfoLogger.java:61] - Started AuthApplication in 6.96 seconds (JVM running for 8.157)
2023-07-21 09:46:21,833 INFO [main][StartupInfoLogger.java:61] - Started AuthApplication in 6.96 seconds (JVM running for 8.157)
2023-07-21 09:46:21,836 INFO [main][ClientWorker.java:169] - [fixed-localhost_8848] [subscribe] auth-service+DEFAULT_GROUP
2023-07-21 09:46:21,836 INFO [main][ClientWorker.java:169] - [fixed-localhost_8848] [subscribe] auth-service+DEFAULT_GROUP
2023-07-21 09:46:21,837 INFO [main][CacheData.java:92] - [fixed-localhost_8848] [add-listener] ok, tenant=, dataId=auth-service, group=DEFAULT_GROUP, cnt=1
2023-07-21 09:46:21,837 INFO [main][CacheData.java:92] - [fixed-localhost_8848] [add-listener] ok, tenant=, dataId=auth-service, group=DEFAULT_GROUP, cnt=1
2023-07-21 09:46:21,838 INFO [main][ClientWorker.java:169] - [fixed-localhost_8848] [subscribe] auth-service.properties+DEFAULT_GROUP
2023-07-21 09:46:21,838 INFO [main][ClientWorker.java:169] - [fixed-localhost_8848] [subscribe] auth-service.properties+DEFAULT_GROUP
2023-07-21 09:46:21,838 INFO [main][CacheData.java:92] - [fixed-localhost_8848] [add-listener] ok, tenant=, dataId=auth-service.properties, group=DEFAULT_GROUP, cnt=1
2023-07-21 09:46:21,838 INFO [main][CacheData.java:92] - [fixed-localhost_8848] [add-listener] ok, tenant=, dataId=auth-service.properties, group=DEFAULT_GROUP, cnt=1
2023-07-21 09:46:22,528 INFO [com.alibaba.nacos.client.naming.updater][HostReactor.java:232] - new ips(1) service: citi-project@@auth-service@@DEFAULT -> [{"instanceId":"172.20.10.2#9000#DEFAULT#citi-project@@auth-service","ip":"172.20.10.2","port":9000,"weight":1.0,"healthy":true,"enabled":true,"ephemeral":true,"clusterName":"DEFAULT","serviceName":"auth-service","metadata":{"preserved.register.source":"SPRING_CLOUD"},"instanceHeartBeatInterval":5000,"instanceHeartBeatTimeOut":15000,"ipDeleteTimeout":30000}]
2023-07-21 09:46:22,528 INFO [com.alibaba.nacos.client.naming.updater][HostReactor.java:232] - new ips(1) service: citi-project@@auth-service@@DEFAULT -> [{"instanceId":"172.20.10.2#9000#DEFAULT#citi-project@@auth-service","ip":"172.20.10.2","port":9000,"weight":1.0,"healthy":true,"enabled":true,"ephemeral":true,"clusterName":"DEFAULT","serviceName":"auth-service","metadata":{"preserved.register.source":"SPRING_CLOUD"},"instanceHeartBeatInterval":5000,"instanceHeartBeatTimeOut":15000,"ipDeleteTimeout":30000}]
2023-07-21 09:46:22,533 INFO [com.alibaba.nacos.client.naming.updater][HostReactor.java:271] - current ips:(1) service: citi-project@@auth-service@@DEFAULT -> [{"instanceId":"172.20.10.2#9000#DEFAULT#citi-project@@auth-service","ip":"172.20.10.2","port":9000,"weight":1.0,"healthy":true,"enabled":true,"ephemeral":true,"clusterName":"DEFAULT","serviceName":"auth-service","metadata":{"preserved.register.source":"SPRING_CLOUD"},"instanceHeartBeatInterval":5000,"instanceHeartBeatTimeOut":15000,"ipDeleteTimeout":30000}]
2023-07-21 09:46:22,533 INFO [com.alibaba.nacos.client.naming.updater][HostReactor.java:271] - current ips:(1) service: citi-project@@auth-service@@DEFAULT -> [{"instanceId":"172.20.10.2#9000#DEFAULT#citi-project@@auth-service","ip":"172.20.10.2","port":9000,"weight":1.0,"healthy":true,"enabled":true,"ephemeral":true,"clusterName":"DEFAULT","serviceName":"auth-service","metadata":{"preserved.register.source":"SPRING_CLOUD"},"instanceHeartBeatInterval":5000,"instanceHeartBeatTimeOut":15000,"ipDeleteTimeout":30000}]
2023-07-21 09:46:33,494 INFO [http-nio-9000-exec-3][DirectJDKLog.java:173] - Initializing Spring DispatcherServlet 'dispatcherServlet'
2023-07-21 09:46:33,494 INFO [http-nio-9000-exec-3][DirectJDKLog.java:173] - Initializing Spring DispatcherServlet 'dispatcherServlet'
2023-07-21 09:46:33,495 INFO [http-nio-9000-exec-3][FrameworkServlet.java:525] - Initializing Servlet 'dispatcherServlet'
2023-07-21 09:46:33,495 INFO [http-nio-9000-exec-3][FrameworkServlet.java:525] - Initializing Servlet 'dispatcherServlet'
2023-07-21 09:46:33,501 INFO [http-nio-9000-exec-3][FrameworkServlet.java:547] - Completed initialization in 6 ms
2023-07-21 09:46:33,501 INFO [http-nio-9000-exec-3][FrameworkServlet.java:547] - Completed initialization in 6 ms
2023-07-21 09:46:33,634 INFO [http-nio-9000-exec-3][HikariDataSource.java:110] - HikariPool-1 - Starting...
2023-07-21 09:46:33,634 INFO [http-nio-9000-exec-3][HikariDataSource.java:110] - HikariPool-1 - Starting...
2023-07-21 09:46:33,790 INFO [http-nio-9000-exec-3][HikariDataSource.java:123] - HikariPool-1 - Start completed.
2023-07-21 09:46:33,790 INFO [http-nio-9000-exec-3][HikariDataSource.java:123] - HikariPool-1 - Start completed.
2023-07-21 09:46:33,921 WARN [http-nio-9000-exec-3][BCryptPasswordEncoder.java:126] - Encoded password does not look like BCrypt
2023-07-21 09:46:33,921 WARN [http-nio-9000-exec-3][BCryptPasswordEncoder.java:126] - Encoded password does not look like BCrypt
2023-07-21 09:46:53,164 WARN [http-nio-9000-exec-4][BCryptPasswordEncoder.java:126] - Encoded password does not look like BCrypt
2023-07-21 09:46:53,164 WARN [http-nio-9000-exec-4][BCryptPasswordEncoder.java:126] - Encoded password does not look like BCrypt
2023-07-21 09:52:12,983 WARN [Thread-4][HttpClientBeanHolder.java:108] - [HttpClientBeanHolder] Start destroying common HttpClient
2023-07-21 09:52:12,983 WARN [Thread-22][NotifyCenter.java:145] - [NotifyCenter] Start destroying Publisher
2023-07-21 09:52:12,983 WARN [Thread-4][HttpClientBeanHolder.java:108] - [HttpClientBeanHolder] Start destroying common HttpClient
2023-07-21 09:52:12,983 WARN [Thread-22][NotifyCenter.java:145] - [NotifyCenter] Start destroying Publisher
2023-07-21 09:52:12,983 WARN [Thread-22][NotifyCenter.java:162] - [NotifyCenter] Destruction of the end
2023-07-21 09:52:12,983 WARN [Thread-22][NotifyCenter.java:162] - [NotifyCenter] Destruction of the end
2023-07-21 09:52:12,983 WARN [Thread-4][HttpClientBeanHolder.java:114] - [HttpClientBeanHolder] Destruction of the end
2023-07-21 09:52:12,983 WARN [Thread-4][HttpClientBeanHolder.java:114] - [HttpClientBeanHolder] Destruction of the end
2023-07-21 09:52:13,212 INFO [SpringContextShutdownHook][ExecutorConfigurationSupport.java:218] - Shutting down ExecutorService 'Nacos-Watch-Task-Scheduler'
2023-07-21 09:52:13,212 INFO [SpringContextShutdownHook][ExecutorConfigurationSupport.java:218] - Shutting down ExecutorService 'Nacos-Watch-Task-Scheduler'
2023-07-21 09:52:13,215 INFO [SpringContextShutdownHook][NacosServiceRegistry.java:94] - De-registering from Nacos Server now...
2023-07-21 09:52:13,215 INFO [SpringContextShutdownHook][NacosServiceRegistry.java:94] - De-registering from Nacos Server now...
2023-07-21 09:52:13,215 INFO [SpringContextShutdownHook][BeatReactor.java:101] - [BEAT] removing beat: citi-project@@auth-service:172.20.10.2:9000 from beat map.
2023-07-21 09:52:13,215 INFO [SpringContextShutdownHook][BeatReactor.java:101] - [BEAT] removing beat: citi-project@@auth-service:172.20.10.2:9000 from beat map.
2023-07-21 09:52:13,215 INFO [SpringContextShutdownHook][NamingProxy.java:260] - [DEREGISTER-SERVICE] 8d70bda3-6f9c-4800-84b4-ba36e729fb31 deregistering service citi-project@@auth-service with instance: Instance{instanceId='null', ip='172.20.10.2', port=9000, weight=1.0, healthy=true, enabled=true, ephemeral=true, clusterName='DEFAULT', serviceName='null', metadata={}}
2023-07-21 09:52:13,215 INFO [SpringContextShutdownHook][NamingProxy.java:260] - [DEREGISTER-SERVICE] 8d70bda3-6f9c-4800-84b4-ba36e729fb31 deregistering service citi-project@@auth-service with instance: Instance{instanceId='null', ip='172.20.10.2', port=9000, weight=1.0, healthy=true, enabled=true, ephemeral=true, clusterName='DEFAULT', serviceName='null', metadata={}}
2023-07-21 09:52:13,218 INFO [SpringContextShutdownHook][NacosServiceRegistry.java:114] - De-registration finished.
2023-07-21 09:52:13,218 INFO [SpringContextShutdownHook][NacosServiceRegistry.java:114] - De-registration finished.
2023-07-21 09:52:13,218 INFO [SpringContextShutdownHook][BeatReactor.java:147] - com.alibaba.nacos.client.naming.beat.BeatReactor do shutdown begin
2023-07-21 09:52:13,218 INFO [SpringContextShutdownHook][BeatReactor.java:147] - com.alibaba.nacos.client.naming.beat.BeatReactor do shutdown begin
2023-07-21 09:52:14,678 INFO [com.alibaba.nacos.client.naming.updater][HostReactor.java:238] - removed ips(1) service: citi-project@@auth-service@@DEFAULT -> [{"instanceId":"172.20.10.2#9000#DEFAULT#citi-project@@auth-service","ip":"172.20.10.2","port":9000,"weight":1.0,"healthy":true,"enabled":true,"ephemeral":true,"clusterName":"DEFAULT","serviceName":"auth-service","metadata":{"preserved.register.source":"SPRING_CLOUD"},"instanceHeartBeatInterval":5000,"instanceHeartBeatTimeOut":15000,"ipDeleteTimeout":30000}]
2023-07-21 09:52:14,678 INFO [com.alibaba.nacos.client.naming.updater][HostReactor.java:238] - removed ips(1) service: citi-project@@auth-service@@DEFAULT -> [{"instanceId":"172.20.10.2#9000#DEFAULT#citi-project@@auth-service","ip":"172.20.10.2","port":9000,"weight":1.0,"healthy":true,"enabled":true,"ephemeral":true,"clusterName":"DEFAULT","serviceName":"auth-service","metadata":{"preserved.register.source":"SPRING_CLOUD"},"instanceHeartBeatInterval":5000,"instanceHeartBeatTimeOut":15000,"ipDeleteTimeout":30000}]
2023-07-21 09:52:14,680 INFO [com.alibaba.nacos.client.naming.updater][HostReactor.java:271] - current ips:(0) service: citi-project@@auth-service@@DEFAULT -> []
2023-07-21 09:52:14,680 INFO [com.alibaba.nacos.client.naming.updater][HostReactor.java:271] - current ips:(0) service: citi-project@@auth-service@@DEFAULT -> []
2023-07-21 09:52:16,248 INFO [SpringContextShutdownHook][BeatReactor.java:149] - com.alibaba.nacos.client.naming.beat.BeatReactor do shutdown stop
2023-07-21 09:52:16,248 INFO [SpringContextShutdownHook][BeatReactor.java:149] - com.alibaba.nacos.client.naming.beat.BeatReactor do shutdown stop
2023-07-21 09:52:16,250 INFO [SpringContextShutdownHook][HostReactor.java:413] - com.alibaba.nacos.client.naming.core.HostReactor do shutdown begin
2023-07-21 09:52:16,250 INFO [SpringContextShutdownHook][HostReactor.java:413] - com.alibaba.nacos.client.naming.core.HostReactor do shutdown begin
2023-07-21 09:52:16,688 INFO [SpringContextShutdownHook][PushReceiver.java:132] - com.alibaba.nacos.client.naming.core.PushReceiver do shutdown begin
2023-07-21 09:52:16,688 INFO [SpringContextShutdownHook][PushReceiver.java:132] - com.alibaba.nacos.client.naming.core.PushReceiver do shutdown begin
