2023-07-21 15:17:38,174 WARN [Thread-2][HttpClientBeanHolder.java:108] - [HttpClientBeanHolder] Start destroying common HttpClient
2023-07-21 15:17:38,174 WARN [Thread-2][HttpClientBeanHolder.java:108] - [HttpClientBeanHolder] Start destroying common HttpClient
2023-07-21 15:17:38,174 WARN [Thread-13][NotifyCenter.java:145] - [NotifyCenter] Start destroying Publisher
2023-07-21 15:17:38,174 WARN [Thread-13][NotifyCenter.java:145] - [NotifyCenter] Start destroying Publisher
2023-07-21 15:17:38,174 WARN [Thread-13][NotifyCenter.java:162] - [NotifyCenter] Destruction of the end
2023-07-21 15:17:38,174 WARN [Thread-13][NotifyCenter.java:162] - [NotifyCenter] Destruction of the end
2023-07-21 15:17:38,174 WARN [Thread-2][HttpClientBeanHolder.java:114] - [HttpClientBeanHolder] Destruction of the end
2023-07-21 15:17:38,174 WARN [Thread-2][HttpClientBeanHolder.java:114] - [HttpClientBeanHolder] Destruction of the end
2023-07-21 15:17:38,324 INFO [SpringContextShutdownHook][ExecutorConfigurationSupport.java:218] - Shutting down ExecutorService 'Nacos-Watch-Task-Scheduler'
2023-07-21 15:17:38,324 INFO [SpringContextShutdownHook][ExecutorConfigurationSupport.java:218] - Shutting down ExecutorService 'Nacos-Watch-Task-Scheduler'
2023-07-21 15:17:38,324 INFO [SpringContextShutdownHook][NacosServiceRegistry.java:94] - De-registering from Nacos Server now...
2023-07-21 15:17:38,324 INFO [SpringContextShutdownHook][NacosServiceRegistry.java:94] - De-registering from Nacos Server now...
2023-07-21 15:17:38,324 INFO [SpringContextShutdownHook][BeatReactor.java:101] - [BEAT] removing beat: citi-project@@auth-service:172.20.10.2:9000 from beat map.
2023-07-21 15:17:38,324 INFO [SpringContextShutdownHook][BeatReactor.java:101] - [BEAT] removing beat: citi-project@@auth-service:172.20.10.2:9000 from beat map.
2023-07-21 15:17:38,324 INFO [SpringContextShutdownHook][NamingProxy.java:260] - [DEREGISTER-SERVICE] 8d70bda3-6f9c-4800-84b4-ba36e729fb31 deregistering service citi-project@@auth-service with instance: Instance{instanceId='null', ip='172.20.10.2', port=9000, weight=1.0, healthy=true, enabled=true, ephemeral=true, clusterName='DEFAULT', serviceName='null', metadata={}}
2023-07-21 15:17:38,324 INFO [SpringContextShutdownHook][NamingProxy.java:260] - [DEREGISTER-SERVICE] 8d70bda3-6f9c-4800-84b4-ba36e729fb31 deregistering service citi-project@@auth-service with instance: Instance{instanceId='null', ip='172.20.10.2', port=9000, weight=1.0, healthy=true, enabled=true, ephemeral=true, clusterName='DEFAULT', serviceName='null', metadata={}}
2023-07-21 15:17:38,334 INFO [SpringContextShutdownHook][NacosServiceRegistry.java:114] - De-registration finished.
2023-07-21 15:17:38,334 INFO [SpringContextShutdownHook][NacosServiceRegistry.java:114] - De-registration finished.
2023-07-21 15:17:38,334 INFO [SpringContextShutdownHook][BeatReactor.java:147] - com.alibaba.nacos.client.naming.beat.BeatReactor do shutdown begin
2023-07-21 15:17:38,334 INFO [SpringContextShutdownHook][BeatReactor.java:147] - com.alibaba.nacos.client.naming.beat.BeatReactor do shutdown begin
2023-07-21 15:17:38,369 INFO [com.alibaba.nacos.client.naming.updater][HostReactor.java:238] - removed ips(1) service: citi-project@@auth-service@@DEFAULT -> [{"instanceId":"172.20.10.2#9000#DEFAULT#citi-project@@auth-service","ip":"172.20.10.2","port":9000,"weight":1.0,"healthy":true,"enabled":true,"ephemeral":true,"clusterName":"DEFAULT","serviceName":"auth-service","metadata":{"preserved.register.source":"SPRING_CLOUD"},"ipDeleteTimeout":30000,"instanceHeartBeatTimeOut":15000,"instanceHeartBeatInterval":5000}]
2023-07-21 15:17:38,369 INFO [com.alibaba.nacos.client.naming.updater][HostReactor.java:238] - removed ips(1) service: citi-project@@auth-service@@DEFAULT -> [{"instanceId":"172.20.10.2#9000#DEFAULT#citi-project@@auth-service","ip":"172.20.10.2","port":9000,"weight":1.0,"healthy":true,"enabled":true,"ephemeral":true,"clusterName":"DEFAULT","serviceName":"auth-service","metadata":{"preserved.register.source":"SPRING_CLOUD"},"ipDeleteTimeout":30000,"instanceHeartBeatTimeOut":15000,"instanceHeartBeatInterval":5000}]
2023-07-21 15:17:38,369 INFO [com.alibaba.nacos.client.naming.updater][HostReactor.java:271] - current ips:(0) service: citi-project@@auth-service@@DEFAULT -> []
2023-07-21 15:17:38,369 INFO [com.alibaba.nacos.client.naming.updater][HostReactor.java:271] - current ips:(0) service: citi-project@@auth-service@@DEFAULT -> []
2023-07-21 15:17:41,345 INFO [SpringContextShutdownHook][BeatReactor.java:149] - com.alibaba.nacos.client.naming.beat.BeatReactor do shutdown stop
2023-07-21 15:17:41,345 INFO [SpringContextShutdownHook][BeatReactor.java:149] - com.alibaba.nacos.client.naming.beat.BeatReactor do shutdown stop
2023-07-21 15:17:41,345 INFO [SpringContextShutdownHook][HostReactor.java:413] - com.alibaba.nacos.client.naming.core.HostReactor do shutdown begin
2023-07-21 15:17:41,345 INFO [SpringContextShutdownHook][HostReactor.java:413] - com.alibaba.nacos.client.naming.core.HostReactor do shutdown begin
2023-07-21 15:17:44,357 INFO [SpringContextShutdownHook][PushReceiver.java:132] - com.alibaba.nacos.client.naming.core.PushReceiver do shutdown begin
2023-07-21 15:17:44,357 INFO [SpringContextShutdownHook][PushReceiver.java:132] - com.alibaba.nacos.client.naming.core.PushReceiver do shutdown begin
2023-07-21 15:17:47,368 INFO [SpringContextShutdownHook][PushReceiver.java:136] - com.alibaba.nacos.client.naming.core.PushReceiver do shutdown stop
2023-07-21 15:17:47,368 INFO [SpringContextShutdownHook][PushReceiver.java:136] - com.alibaba.nacos.client.naming.core.PushReceiver do shutdown stop
2023-07-21 15:17:47,368 INFO [SpringContextShutdownHook][FailoverReactor.java:132] - com.alibaba.nacos.client.naming.backups.FailoverReactor do shutdown begin
2023-07-21 15:17:47,368 INFO [SpringContextShutdownHook][FailoverReactor.java:132] - com.alibaba.nacos.client.naming.backups.FailoverReactor do shutdown begin
2023-07-21 15:17:47,368 INFO [SpringContextShutdownHook][FailoverReactor.java:134] - com.alibaba.nacos.client.naming.backups.FailoverReactor do shutdown stop
2023-07-21 15:17:47,368 INFO [SpringContextShutdownHook][FailoverReactor.java:134] - com.alibaba.nacos.client.naming.backups.FailoverReactor do shutdown stop
2023-07-21 15:17:47,368 INFO [SpringContextShutdownHook][HostReactor.java:418] - com.alibaba.nacos.client.naming.core.HostReactor do shutdown stop
2023-07-21 15:17:47,368 INFO [SpringContextShutdownHook][HostReactor.java:418] - com.alibaba.nacos.client.naming.core.HostReactor do shutdown stop
2023-07-21 15:17:47,368 INFO [SpringContextShutdownHook][NamingProxy.java:719] - com.alibaba.nacos.client.naming.net.NamingProxy do shutdown begin
2023-07-21 15:17:47,368 INFO [SpringContextShutdownHook][NamingProxy.java:719] - com.alibaba.nacos.client.naming.net.NamingProxy do shutdown begin
2023-07-21 15:17:47,368 WARN [SpringContextShutdownHook][NamingHttpClientManager.java:72] - [NamingHttpClientManager] Start destroying NacosRestTemplate
2023-07-21 15:17:47,368 WARN [SpringContextShutdownHook][NamingHttpClientManager.java:72] - [NamingHttpClientManager] Start destroying NacosRestTemplate
2023-07-21 15:17:47,368 WARN [SpringContextShutdownHook][NamingHttpClientManager.java:79] - [NamingHttpClientManager] Destruction of the end
2023-07-21 15:17:47,368 WARN [SpringContextShutdownHook][NamingHttpClientManager.java:79] - [NamingHttpClientManager] Destruction of the end
2023-07-21 15:17:47,368 INFO [SpringContextShutdownHook][CredentialWatcher.java:105] - [null] CredentialWatcher is stopped
2023-07-21 15:17:47,368 INFO [SpringContextShutdownHook][CredentialWatcher.java:105] - [null] CredentialWatcher is stopped
2023-07-21 15:17:47,368 INFO [SpringContextShutdownHook][CredentialService.java:98] - [null] CredentialService is freed
2023-07-21 15:17:47,368 INFO [SpringContextShutdownHook][CredentialService.java:98] - [null] CredentialService is freed
2023-07-21 15:17:47,368 INFO [SpringContextShutdownHook][NamingProxy.java:723] - com.alibaba.nacos.client.naming.net.NamingProxy do shutdown stop
2023-07-21 15:17:47,368 INFO [SpringContextShutdownHook][NamingProxy.java:723] - com.alibaba.nacos.client.naming.net.NamingProxy do shutdown stop
2023-07-21 15:17:47,368 WARN [SpringContextShutdownHook][DisposableBeanAdapter.java:349] - Destroy method 'close' on bean with name 'nacosServiceRegistry' threw an exception: java.lang.NullPointerException
2023-07-21 15:17:47,368 WARN [SpringContextShutdownHook][DisposableBeanAdapter.java:349] - Destroy method 'close' on bean with name 'nacosServiceRegistry' threw an exception: java.lang.NullPointerException
2023-07-21 15:17:47,368 INFO [SpringContextShutdownHook][ExecutorConfigurationSupport.java:218] - Shutting down ExecutorService 'applicationTaskExecutor'
2023-07-21 15:17:47,368 INFO [SpringContextShutdownHook][ExecutorConfigurationSupport.java:218] - Shutting down ExecutorService 'applicationTaskExecutor'
2023-07-21 15:51:50,972 INFO [background-preinit][Version.java:21] - HV000001: Hibernate Validator 6.1.6.Final
2023-07-21 15:51:50,972 INFO [background-preinit][Version.java:21] - HV000001: Hibernate Validator 6.1.6.Final
2023-07-21 15:51:51,643 WARN [main][NacosPropertySourceBuilder.java:87] - Ignore the empty nacos configuration and get it based on dataId[gateway] & group[DEFAULT_GROUP]
2023-07-21 15:51:51,643 WARN [main][NacosPropertySourceBuilder.java:87] - Ignore the empty nacos configuration and get it based on dataId[gateway] & group[DEFAULT_GROUP]
2023-07-21 15:51:51,647 WARN [main][NacosPropertySourceBuilder.java:87] - Ignore the empty nacos configuration and get it based on dataId[gateway.properties] & group[DEFAULT_GROUP]
2023-07-21 15:51:51,647 WARN [main][NacosPropertySourceBuilder.java:87] - Ignore the empty nacos configuration and get it based on dataId[gateway.properties] & group[DEFAULT_GROUP]
2023-07-21 15:51:51,648 INFO [main][PropertySourceBootstrapConfiguration.java:112] - Located property source: [BootstrapPropertySource {name='bootstrapProperties-gateway.properties,DEFAULT_GROUP'}, BootstrapPropertySource {name='bootstrapProperties-gateway,DEFAULT_GROUP'}]
2023-07-21 15:51:51,648 INFO [main][PropertySourceBootstrapConfiguration.java:112] - Located property source: [BootstrapPropertySource {name='bootstrapProperties-gateway.properties,DEFAULT_GROUP'}, BootstrapPropertySource {name='bootstrapProperties-gateway,DEFAULT_GROUP'}]
2023-07-21 15:51:51,665 INFO [main][SpringApplication.java:651] - No active profile set, falling back to default profiles: default
2023-07-21 15:51:51,665 INFO [main][SpringApplication.java:651] - No active profile set, falling back to default profiles: default
2023-07-21 15:51:52,138 INFO [main][GenericScope.java:295] - BeanFactory id=28b90e0a-c783-3a16-b83d-707d3297319f
2023-07-21 15:51:52,138 INFO [main][GenericScope.java:295] - BeanFactory id=28b90e0a-c783-3a16-b83d-707d3297319f
2023-07-21 15:51:52,151 INFO [main][PostProcessorRegistrationDelegate.java:335] - Bean 'org.springframework.cloud.client.loadbalancer.reactive.LoadBalancerBeanPostProcessorAutoConfiguration' of type [org.springframework.cloud.client.loadbalancer.reactive.LoadBalancerBeanPostProcessorAutoConfiguration] is not eligible for getting processed by all BeanPostProcessors (for example: not eligible for auto-proxying)
2023-07-21 15:51:52,151 INFO [main][PostProcessorRegistrationDelegate.java:335] - Bean 'org.springframework.cloud.client.loadbalancer.reactive.LoadBalancerBeanPostProcessorAutoConfiguration' of type [org.springframework.cloud.client.loadbalancer.reactive.LoadBalancerBeanPostProcessorAutoConfiguration] is not eligible for getting processed by all BeanPostProcessors (for example: not eligible for auto-proxying)
2023-07-21 15:51:52,152 INFO [main][PostProcessorRegistrationDelegate.java:335] - Bean 'org.springframework.cloud.client.loadbalancer.reactive.LoadBalancerBeanPostProcessorAutoConfiguration$ReactiveLoadBalancerConfig' of type [org.springframework.cloud.client.loadbalancer.reactive.LoadBalancerBeanPostProcessorAutoConfiguration$ReactiveLoadBalancerConfig] is not eligible for getting processed by all BeanPostProcessors (for example: not eligible for auto-proxying)
2023-07-21 15:51:52,152 INFO [main][PostProcessorRegistrationDelegate.java:335] - Bean 'org.springframework.cloud.client.loadbalancer.reactive.LoadBalancerBeanPostProcessorAutoConfiguration$ReactiveLoadBalancerConfig' of type [org.springframework.cloud.client.loadbalancer.reactive.LoadBalancerBeanPostProcessorAutoConfiguration$ReactiveLoadBalancerConfig] is not eligible for getting processed by all BeanPostProcessors (for example: not eligible for auto-proxying)
2023-07-21 15:51:52,158 INFO [main][PostProcessorRegistrationDelegate.java:335] - Bean 'deferringLoadBalancerExchangeFilterFunction' of type [org.springframework.cloud.client.loadbalancer.reactive.DeferringLoadBalancerExchangeFilterFunction] is not eligible for getting processed by all BeanPostProcessors (for example: not eligible for auto-proxying)
2023-07-21 15:51:52,158 INFO [main][PostProcessorRegistrationDelegate.java:335] - Bean 'deferringLoadBalancerExchangeFilterFunction' of type [org.springframework.cloud.client.loadbalancer.reactive.DeferringLoadBalancerExchangeFilterFunction] is not eligible for getting processed by all BeanPostProcessors (for example: not eligible for auto-proxying)
2023-07-21 15:51:52,251 WARN [main][URLConfigurationSource.java:121] - No URLs will be polled as dynamic configuration sources.
2023-07-21 15:51:52,251 WARN [main][URLConfigurationSource.java:121] - No URLs will be polled as dynamic configuration sources.
2023-07-21 15:51:52,251 INFO [main][URLConfigurationSource.java:122] - To enable URLs as dynamic configuration sources, define System property archaius.configurationSource.additionalUrls or make config.properties available on classpath.
2023-07-21 15:51:52,251 INFO [main][URLConfigurationSource.java:122] - To enable URLs as dynamic configuration sources, define System property archaius.configurationSource.additionalUrls or make config.properties available on classpath.
2023-07-21 15:51:52,254 WARN [main][URLConfigurationSource.java:121] - No URLs will be polled as dynamic configuration sources.
2023-07-21 15:51:52,254 WARN [main][URLConfigurationSource.java:121] - No URLs will be polled as dynamic configuration sources.
2023-07-21 15:51:52,254 INFO [main][URLConfigurationSource.java:122] - To enable URLs as dynamic configuration sources, define System property archaius.configurationSource.additionalUrls or make config.properties available on classpath.
2023-07-21 15:51:52,254 INFO [main][URLConfigurationSource.java:122] - To enable URLs as dynamic configuration sources, define System property archaius.configurationSource.additionalUrls or make config.properties available on classpath.
2023-07-21 15:51:53,246 INFO [main][RouteDefinitionRouteLocator.java:139] - Loaded RoutePredicateFactory [After]
2023-07-21 15:51:53,246 INFO [main][RouteDefinitionRouteLocator.java:139] - Loaded RoutePredicateFactory [After]
2023-07-21 15:51:53,247 INFO [main][RouteDefinitionRouteLocator.java:139] - Loaded RoutePredicateFactory [Before]
2023-07-21 15:51:53,247 INFO [main][RouteDefinitionRouteLocator.java:139] - Loaded RoutePredicateFactory [Before]
2023-07-21 15:51:53,247 INFO [main][RouteDefinitionRouteLocator.java:139] - Loaded RoutePredicateFactory [Between]
2023-07-21 15:51:53,247 INFO [main][RouteDefinitionRouteLocator.java:139] - Loaded RoutePredicateFactory [Between]
2023-07-21 15:51:53,247 INFO [main][RouteDefinitionRouteLocator.java:139] - Loaded RoutePredicateFactory [Cookie]
2023-07-21 15:51:53,247 INFO [main][RouteDefinitionRouteLocator.java:139] - Loaded RoutePredicateFactory [Cookie]
2023-07-21 15:51:53,247 INFO [main][RouteDefinitionRouteLocator.java:139] - Loaded RoutePredicateFactory [Header]
2023-07-21 15:51:53,247 INFO [main][RouteDefinitionRouteLocator.java:139] - Loaded RoutePredicateFactory [Header]
2023-07-21 15:51:53,247 INFO [main][RouteDefinitionRouteLocator.java:139] - Loaded RoutePredicateFactory [Host]
2023-07-21 15:51:53,247 INFO [main][RouteDefinitionRouteLocator.java:139] - Loaded RoutePredicateFactory [Host]
2023-07-21 15:51:53,247 INFO [main][RouteDefinitionRouteLocator.java:139] - Loaded RoutePredicateFactory [Method]
2023-07-21 15:51:53,247 INFO [main][RouteDefinitionRouteLocator.java:139] - Loaded RoutePredicateFactory [Method]
2023-07-21 15:51:53,248 INFO [main][RouteDefinitionRouteLocator.java:139] - Loaded RoutePredicateFactory [Path]
2023-07-21 15:51:53,248 INFO [main][RouteDefinitionRouteLocator.java:139] - Loaded RoutePredicateFactory [Path]
2023-07-21 15:51:53,248 INFO [main][RouteDefinitionRouteLocator.java:139] - Loaded RoutePredicateFactory [Query]
2023-07-21 15:51:53,248 INFO [main][RouteDefinitionRouteLocator.java:139] - Loaded RoutePredicateFactory [Query]
2023-07-21 15:51:53,248 INFO [main][RouteDefinitionRouteLocator.java:139] - Loaded RoutePredicateFactory [ReadBody]
2023-07-21 15:51:53,248 INFO [main][RouteDefinitionRouteLocator.java:139] - Loaded RoutePredicateFactory [ReadBody]
2023-07-21 15:51:53,248 INFO [main][RouteDefinitionRouteLocator.java:139] - Loaded RoutePredicateFactory [RemoteAddr]
2023-07-21 15:51:53,248 INFO [main][RouteDefinitionRouteLocator.java:139] - Loaded RoutePredicateFactory [RemoteAddr]
2023-07-21 15:51:53,248 INFO [main][RouteDefinitionRouteLocator.java:139] - Loaded RoutePredicateFactory [Weight]
2023-07-21 15:51:53,248 INFO [main][RouteDefinitionRouteLocator.java:139] - Loaded RoutePredicateFactory [Weight]
2023-07-21 15:51:53,248 INFO [main][RouteDefinitionRouteLocator.java:139] - Loaded RoutePredicateFactory [CloudFoundryRouteService]
2023-07-21 15:51:53,248 INFO [main][RouteDefinitionRouteLocator.java:139] - Loaded RoutePredicateFactory [CloudFoundryRouteService]
2023-07-21 15:51:53,371 INFO [main][ExecutorConfigurationSupport.java:181] - Initializing ExecutorService 'Nacos-Watch-Task-Scheduler'
2023-07-21 15:51:53,371 INFO [main][ExecutorConfigurationSupport.java:181] - Initializing ExecutorService 'Nacos-Watch-Task-Scheduler'
2023-07-21 15:51:53,892 INFO [main][InitUtils.java:65] - initializer namespace from System Property :null
2023-07-21 15:51:53,892 INFO [main][InitUtils.java:65] - initializer namespace from System Property :null
2023-07-21 15:51:53,892 INFO [main][InitUtils.java:74] - initializer namespace from System Environment :null
2023-07-21 15:51:53,892 INFO [main][InitUtils.java:74] - initializer namespace from System Environment :null
2023-07-21 15:51:53,892 INFO [main][InitUtils.java:84] - initializer namespace from System Property :null
2023-07-21 15:51:53,892 INFO [main][InitUtils.java:84] - initializer namespace from System Property :null
2023-07-21 15:51:54,211 INFO [main][NettyWebServer.java:109] - Netty started on port(s): 7000
2023-07-21 15:51:54,211 INFO [main][NettyWebServer.java:109] - Netty started on port(s): 7000
2023-07-21 15:51:54,648 INFO [main][BeatReactor.java:81] - [BEAT] adding beat: BeatInfo{port=7000, ip='172.20.10.2', weight=1.0, serviceName='citi-project@@gateway', cluster='DEFAULT', metadata={preserved.register.source=SPRING_CLOUD}, scheduled=false, period=5000, stopped=false} to beat map.
2023-07-21 15:51:54,648 INFO [main][BeatReactor.java:81] - [BEAT] adding beat: BeatInfo{port=7000, ip='172.20.10.2', weight=1.0, serviceName='citi-project@@gateway', cluster='DEFAULT', metadata={preserved.register.source=SPRING_CLOUD}, scheduled=false, period=5000, stopped=false} to beat map.
2023-07-21 15:51:54,650 INFO [main][NamingProxy.java:230] - [REGISTER-SERVICE] 8d70bda3-6f9c-4800-84b4-ba36e729fb31 registering service citi-project@@gateway with instance: Instance{instanceId='null', ip='172.20.10.2', port=7000, weight=1.0, healthy=true, enabled=true, ephemeral=true, clusterName='DEFAULT', serviceName='null', metadata={preserved.register.source=SPRING_CLOUD}}
2023-07-21 15:51:54,650 INFO [main][NamingProxy.java:230] - [REGISTER-SERVICE] 8d70bda3-6f9c-4800-84b4-ba36e729fb31 registering service citi-project@@gateway with instance: Instance{instanceId='null', ip='172.20.10.2', port=7000, weight=1.0, healthy=true, enabled=true, ephemeral=true, clusterName='DEFAULT', serviceName='null', metadata={preserved.register.source=SPRING_CLOUD}}
2023-07-21 15:51:54,654 INFO [main][NacosServiceRegistry.java:75] - nacos registry, citi-project gateway 172.20.10.2:7000 register finished
2023-07-21 15:51:54,654 INFO [main][NacosServiceRegistry.java:75] - nacos registry, citi-project gateway 172.20.10.2:7000 register finished
2023-07-21 15:51:54,666 INFO [main][StartupInfoLogger.java:61] - Started CitiGatewayApplication in 4.445 seconds (JVM running for 5.536)
2023-07-21 15:51:54,666 INFO [main][StartupInfoLogger.java:61] - Started CitiGatewayApplication in 4.445 seconds (JVM running for 5.536)
2023-07-21 15:51:54,670 INFO [main][ClientWorker.java:169] - [fixed-localhost_8848] [subscribe] gateway.properties+DEFAULT_GROUP
2023-07-21 15:51:54,670 INFO [main][ClientWorker.java:169] - [fixed-localhost_8848] [subscribe] gateway.properties+DEFAULT_GROUP
2023-07-21 15:51:54,671 INFO [main][CacheData.java:92] - [fixed-localhost_8848] [add-listener] ok, tenant=, dataId=gateway.properties, group=DEFAULT_GROUP, cnt=1
2023-07-21 15:51:54,671 INFO [main][CacheData.java:92] - [fixed-localhost_8848] [add-listener] ok, tenant=, dataId=gateway.properties, group=DEFAULT_GROUP, cnt=1
2023-07-21 15:51:54,671 INFO [main][ClientWorker.java:169] - [fixed-localhost_8848] [subscribe] gateway+DEFAULT_GROUP
2023-07-21 15:51:54,671 INFO [main][ClientWorker.java:169] - [fixed-localhost_8848] [subscribe] gateway+DEFAULT_GROUP
2023-07-21 15:51:54,672 INFO [main][CacheData.java:92] - [fixed-localhost_8848] [add-listener] ok, tenant=, dataId=gateway, group=DEFAULT_GROUP, cnt=1
2023-07-21 15:51:54,672 INFO [main][CacheData.java:92] - [fixed-localhost_8848] [add-listener] ok, tenant=, dataId=gateway, group=DEFAULT_GROUP, cnt=1
2023-07-21 15:51:54,978 INFO [com.alibaba.nacos.client.naming.updater][HostReactor.java:232] - new ips(1) service: citi-project@@gateway@@DEFAULT -> [{"instanceId":"172.20.10.2#7000#DEFAULT#citi-project@@gateway","ip":"172.20.10.2","port":7000,"weight":1.0,"healthy":true,"enabled":true,"ephemeral":true,"clusterName":"DEFAULT","serviceName":"gateway","metadata":{"preserved.register.source":"SPRING_CLOUD"},"ipDeleteTimeout":30000,"instanceHeartBeatInterval":5000,"instanceHeartBeatTimeOut":15000}]
2023-07-21 15:51:54,978 INFO [com.alibaba.nacos.client.naming.updater][HostReactor.java:232] - new ips(1) service: citi-project@@gateway@@DEFAULT -> [{"instanceId":"172.20.10.2#7000#DEFAULT#citi-project@@gateway","ip":"172.20.10.2","port":7000,"weight":1.0,"healthy":true,"enabled":true,"ephemeral":true,"clusterName":"DEFAULT","serviceName":"gateway","metadata":{"preserved.register.source":"SPRING_CLOUD"},"ipDeleteTimeout":30000,"instanceHeartBeatInterval":5000,"instanceHeartBeatTimeOut":15000}]
2023-07-21 15:51:54,984 INFO [com.alibaba.nacos.client.naming.updater][HostReactor.java:271] - current ips:(1) service: citi-project@@gateway@@DEFAULT -> [{"instanceId":"172.20.10.2#7000#DEFAULT#citi-project@@gateway","ip":"172.20.10.2","port":7000,"weight":1.0,"healthy":true,"enabled":true,"ephemeral":true,"clusterName":"DEFAULT","serviceName":"gateway","metadata":{"preserved.register.source":"SPRING_CLOUD"},"ipDeleteTimeout":30000,"instanceHeartBeatInterval":5000,"instanceHeartBeatTimeOut":15000}]
2023-07-21 15:51:54,984 INFO [com.alibaba.nacos.client.naming.updater][HostReactor.java:271] - current ips:(1) service: citi-project@@gateway@@DEFAULT -> [{"instanceId":"172.20.10.2#7000#DEFAULT#citi-project@@gateway","ip":"172.20.10.2","port":7000,"weight":1.0,"healthy":true,"enabled":true,"ephemeral":true,"clusterName":"DEFAULT","serviceName":"gateway","metadata":{"preserved.register.source":"SPRING_CLOUD"},"ipDeleteTimeout":30000,"instanceHeartBeatInterval":5000,"instanceHeartBeatTimeOut":15000}]
