2023-07-19 14:37:47,338 INFO [background-preinit][Version.java:21] - HV000001: Hibernate Validator 6.1.6.Final
2023-07-19 14:37:47,338 INFO [background-preinit][Version.java:21] - HV000001: Hibernate Validator 6.1.6.Final
2023-07-19 14:37:51,258 WARN [main][NacosPropertySourceBuilder.java:87] - Ignore the empty nacos configuration and get it based on dataId[client-service-dev.yaml] & group[citi-project]
2023-07-19 14:37:51,258 WARN [main][NacosPropertySourceBuilder.java:87] - Ignore the empty nacos configuration and get it based on dataId[client-service-dev.yaml] & group[citi-project]
2023-07-19 14:37:54,276 WARN [main][NacosPropertySourceBuilder.java:87] - Ignore the empty nacos configuration and get it based on dataId[client-api] & group[citi-project]
2023-07-19 14:37:54,276 WARN [main][NacosPropertySourceBuilder.java:87] - Ignore the empty nacos configuration and get it based on dataId[client-api] & group[citi-project]
2023-07-19 14:37:57,311 WARN [main][NacosPropertySourceBuilder.java:87] - Ignore the empty nacos configuration and get it based on dataId[client-api.yaml] & group[citi-project]
2023-07-19 14:37:57,311 WARN [main][NacosPropertySourceBuilder.java:87] - Ignore the empty nacos configuration and get it based on dataId[client-api.yaml] & group[citi-project]
2023-07-19 14:38:00,341 INFO [main][PropertySourceBootstrapConfiguration.java:112] - Located property source: [BootstrapPropertySource {name='bootstrapProperties-client-api-dev.yaml,citi-project'}, BootstrapPropertySource {name='bootstrapProperties-client-api.yaml,citi-project'}, BootstrapPropertySource {name='bootstrapProperties-client-api,citi-project'}, BootstrapPropertySource {name='bootstrapProperties-client-service-dev.yaml,citi-project'}]
2023-07-19 14:38:00,341 INFO [main][PropertySourceBootstrapConfiguration.java:112] - Located property source: [BootstrapPropertySource {name='bootstrapProperties-client-api-dev.yaml,citi-project'}, BootstrapPropertySource {name='bootstrapProperties-client-api.yaml,citi-project'}, BootstrapPropertySource {name='bootstrapProperties-client-api,citi-project'}, BootstrapPropertySource {name='bootstrapProperties-client-service-dev.yaml,citi-project'}]
2023-07-19 14:38:00,363 INFO [main][SpringApplication.java:655] - The following profiles are active: dev
2023-07-19 14:38:00,363 INFO [main][SpringApplication.java:655] - The following profiles are active: dev
2023-07-19 14:38:00,980 ERROR [main][SpringApplication.java:837] - Application run failed
java.lang.IllegalStateException: Error processing condition on com.spring4all.swagger.SwaggerAutoConfiguration.swaggerProperties
	at org.springframework.boot.autoconfigure.condition.SpringBootCondition.matches(SpringBootCondition.java:60)
	at org.springframework.context.annotation.ConditionEvaluator.shouldSkip(ConditionEvaluator.java:108)
	at org.springframework.context.annotation.ConfigurationClassBeanDefinitionReader.loadBeanDefinitionsForBeanMethod(ConfigurationClassBeanDefinitionReader.java:184)
	at org.springframework.context.annotation.ConfigurationClassBeanDefinitionReader.loadBeanDefinitionsForConfigurationClass(ConfigurationClassBeanDefinitionReader.java:144)
	at org.springframework.context.annotation.ConfigurationClassBeanDefinitionReader.loadBeanDefinitions(ConfigurationClassBeanDefinitionReader.java:120)
	at org.springframework.context.annotation.ConfigurationClassPostProcessor.processConfigBeanDefinitions(ConfigurationClassPostProcessor.java:331)
	at org.springframework.context.annotation.ConfigurationClassPostProcessor.postProcessBeanDefinitionRegistry(ConfigurationClassPostProcessor.java:236)
	at org.springframework.context.support.PostProcessorRegistrationDelegate.invokeBeanDefinitionRegistryPostProcessors(PostProcessorRegistrationDelegate.java:280)
	at org.springframework.context.support.PostProcessorRegistrationDelegate.invokeBeanFactoryPostProcessors(PostProcessorRegistrationDelegate.java:96)
	at org.springframework.context.support.AbstractApplicationContext.invokeBeanFactoryPostProcessors(AbstractApplicationContext.java:707)
	at org.springframework.context.support.AbstractApplicationContext.refresh(AbstractApplicationContext.java:533)
	at org.springframework.boot.web.servlet.context.ServletWebServerApplicationContext.refresh(ServletWebServerApplicationContext.java:143)
	at org.springframework.boot.SpringApplication.refresh(SpringApplication.java:758)
	at org.springframework.boot.SpringApplication.refresh(SpringApplication.java:750)
	at org.springframework.boot.SpringApplication.refreshContext(SpringApplication.java:405)
	at org.springframework.boot.SpringApplication.run(SpringApplication.java:315)
	at org.springframework.boot.SpringApplication.run(SpringApplication.java:1237)
	at org.springframework.boot.SpringApplication.run(SpringApplication.java:1226)
	at edu.hnu.CitiClientApiApplication.main(CitiClientApiApplication.java:12)
Caused by: java.lang.IllegalStateException: Failed to introspect Class [edu.hnu.client.config.MybatisPlusConfig] from ClassLoader [sun.misc.Launcher$AppClassLoader@18b4aac2]
	at org.springframework.util.ReflectionUtils.getDeclaredMethods(ReflectionUtils.java:481)
	at org.springframework.util.ReflectionUtils.doWithMethods(ReflectionUtils.java:358)
	at org.springframework.util.ReflectionUtils.getUniqueDeclaredMethods(ReflectionUtils.java:414)
	at org.springframework.beans.factory.support.AbstractAutowireCapableBeanFactory.lambda$getTypeForFactoryMethod$2(AbstractAutowireCapableBeanFactory.java:742)
	at java.util.concurrent.ConcurrentHashMap.computeIfAbsent(ConcurrentHashMap.java:1660)
	at org.springframework.beans.factory.support.AbstractAutowireCapableBeanFactory.getTypeForFactoryMethod(AbstractAutowireCapableBeanFactory.java:741)
	at org.springframework.beans.factory.support.AbstractAutowireCapableBeanFactory.determineTargetType(AbstractAutowireCapableBeanFactory.java:680)
	at org.springframework.beans.factory.support.AbstractAutowireCapableBeanFactory.predictBeanType(AbstractAutowireCapableBeanFactory.java:648)
	at org.springframework.beans.factory.support.AbstractBeanFactory.isFactoryBean(AbstractBeanFactory.java:1614)
	at org.springframework.beans.factory.support.DefaultListableBeanFactory.doGetBeanNamesForType(DefaultListableBeanFactory.java:523)
	at org.springframework.beans.factory.support.DefaultListableBeanFactory.getBeanNamesForType(DefaultListableBeanFactory.java:495)
	at org.springframework.boot.autoconfigure.condition.OnBeanCondition.collectBeanNamesForType(OnBeanCondition.java:238)
	at org.springframework.boot.autoconfigure.condition.OnBeanCondition.getBeanNamesForType(OnBeanCondition.java:231)
	at org.springframework.boot.autoconfigure.condition.OnBeanCondition.getBeanNamesForType(OnBeanCondition.java:221)
	at org.springframework.boot.autoconfigure.condition.OnBeanCondition.getMatchingBeans(OnBeanCondition.java:169)
	at org.springframework.boot.autoconfigure.condition.OnBeanCondition.getMatchOutcome(OnBeanCondition.java:144)
	at org.springframework.boot.autoconfigure.condition.SpringBootCondition.matches(SpringBootCondition.java:47)
	... 18 more
Caused by: java.lang.NoClassDefFoundError: com/baomidou/mybatisplus/extension/plugins/MybatisPlusInterceptor
	at java.lang.Class.getDeclaredMethods0(Native Method)
	at java.lang.Class.privateGetDeclaredMethods(Class.java:2701)
	at java.lang.Class.getDeclaredMethods(Class.java:1975)
	at org.springframework.util.ReflectionUtils.getDeclaredMethods(ReflectionUtils.java:463)
	... 34 more
Caused by: java.lang.ClassNotFoundException: com.baomidou.mybatisplus.extension.plugins.MybatisPlusInterceptor
	at java.net.URLClassLoader.findClass(URLClassLoader.java:382)
	at java.lang.ClassLoader.loadClass(ClassLoader.java:424)
	at sun.misc.Launcher$AppClassLoader.loadClass(Launcher.java:349)
	at java.lang.ClassLoader.loadClass(ClassLoader.java:357)
	... 38 more
2023-07-19 14:38:00,980 ERROR [main][SpringApplication.java:837] - Application run failed
java.lang.IllegalStateException: Error processing condition on com.spring4all.swagger.SwaggerAutoConfiguration.swaggerProperties
	at org.springframework.boot.autoconfigure.condition.SpringBootCondition.matches(SpringBootCondition.java:60)
	at org.springframework.context.annotation.ConditionEvaluator.shouldSkip(ConditionEvaluator.java:108)
	at org.springframework.context.annotation.ConfigurationClassBeanDefinitionReader.loadBeanDefinitionsForBeanMethod(ConfigurationClassBeanDefinitionReader.java:184)
	at org.springframework.context.annotation.ConfigurationClassBeanDefinitionReader.loadBeanDefinitionsForConfigurationClass(ConfigurationClassBeanDefinitionReader.java:144)
	at org.springframework.context.annotation.ConfigurationClassBeanDefinitionReader.loadBeanDefinitions(ConfigurationClassBeanDefinitionReader.java:120)
	at org.springframework.context.annotation.ConfigurationClassPostProcessor.processConfigBeanDefinitions(ConfigurationClassPostProcessor.java:331)
	at org.springframework.context.annotation.ConfigurationClassPostProcessor.postProcessBeanDefinitionRegistry(ConfigurationClassPostProcessor.java:236)
	at org.springframework.context.support.PostProcessorRegistrationDelegate.invokeBeanDefinitionRegistryPostProcessors(PostProcessorRegistrationDelegate.java:280)
	at org.springframework.context.support.PostProcessorRegistrationDelegate.invokeBeanFactoryPostProcessors(PostProcessorRegistrationDelegate.java:96)
	at org.springframework.context.support.AbstractApplicationContext.invokeBeanFactoryPostProcessors(AbstractApplicationContext.java:707)
	at org.springframework.context.support.AbstractApplicationContext.refresh(AbstractApplicationContext.java:533)
	at org.springframework.boot.web.servlet.context.ServletWebServerApplicationContext.refresh(ServletWebServerApplicationContext.java:143)
	at org.springframework.boot.SpringApplication.refresh(SpringApplication.java:758)
	at org.springframework.boot.SpringApplication.refresh(SpringApplication.java:750)
	at org.springframework.boot.SpringApplication.refreshContext(SpringApplication.java:405)
	at org.springframework.boot.SpringApplication.run(SpringApplication.java:315)
	at org.springframework.boot.SpringApplication.run(SpringApplication.java:1237)
	at org.springframework.boot.SpringApplication.run(SpringApplication.java:1226)
	at edu.hnu.CitiClientApiApplication.main(CitiClientApiApplication.java:12)
Caused by: java.lang.IllegalStateException: Failed to introspect Class [edu.hnu.client.config.MybatisPlusConfig] from ClassLoader [sun.misc.Launcher$AppClassLoader@18b4aac2]
	at org.springframework.util.ReflectionUtils.getDeclaredMethods(ReflectionUtils.java:481)
	at org.springframework.util.ReflectionUtils.doWithMethods(ReflectionUtils.java:358)
	at org.springframework.util.ReflectionUtils.getUniqueDeclaredMethods(ReflectionUtils.java:414)
	at org.springframework.beans.factory.support.AbstractAutowireCapableBeanFactory.lambda$getTypeForFactoryMethod$2(AbstractAutowireCapableBeanFactory.java:742)
	at java.util.concurrent.ConcurrentHashMap.computeIfAbsent(ConcurrentHashMap.java:1660)
	at org.springframework.beans.factory.support.AbstractAutowireCapableBeanFactory.getTypeForFactoryMethod(AbstractAutowireCapableBeanFactory.java:741)
	at org.springframework.beans.factory.support.AbstractAutowireCapableBeanFactory.determineTargetType(AbstractAutowireCapableBeanFactory.java:680)
	at org.springframework.beans.factory.support.AbstractAutowireCapableBeanFactory.predictBeanType(AbstractAutowireCapableBeanFactory.java:648)
	at org.springframework.beans.factory.support.AbstractBeanFactory.isFactoryBean(AbstractBeanFactory.java:1614)
	at org.springframework.beans.factory.support.DefaultListableBeanFactory.doGetBeanNamesForType(DefaultListableBeanFactory.java:523)
	at org.springframework.beans.factory.support.DefaultListableBeanFactory.getBeanNamesForType(DefaultListableBeanFactory.java:495)
	at org.springframework.boot.autoconfigure.condition.OnBeanCondition.collectBeanNamesForType(OnBeanCondition.java:238)
	at org.springframework.boot.autoconfigure.condition.OnBeanCondition.getBeanNamesForType(OnBeanCondition.java:231)
	at org.springframework.boot.autoconfigure.condition.OnBeanCondition.getBeanNamesForType(OnBeanCondition.java:221)
	at org.springframework.boot.autoconfigure.condition.OnBeanCondition.getMatchingBeans(OnBeanCondition.java:169)
	at org.springframework.boot.autoconfigure.condition.OnBeanCondition.getMatchOutcome(OnBeanCondition.java:144)
	at org.springframework.boot.autoconfigure.condition.SpringBootCondition.matches(SpringBootCondition.java:47)
	... 18 more
Caused by: java.lang.NoClassDefFoundError: com/baomidou/mybatisplus/extension/plugins/MybatisPlusInterceptor
	at java.lang.Class.getDeclaredMethods0(Native Method)
	at java.lang.Class.privateGetDeclaredMethods(Class.java:2701)
	at java.lang.Class.getDeclaredMethods(Class.java:1975)
	at org.springframework.util.ReflectionUtils.getDeclaredMethods(ReflectionUtils.java:463)
	... 34 more
Caused by: java.lang.ClassNotFoundException: com.baomidou.mybatisplus.extension.plugins.MybatisPlusInterceptor
	at java.net.URLClassLoader.findClass(URLClassLoader.java:382)
	at java.lang.ClassLoader.loadClass(ClassLoader.java:424)
	at sun.misc.Launcher$AppClassLoader.loadClass(Launcher.java:349)
	at java.lang.ClassLoader.loadClass(ClassLoader.java:357)
	... 38 more
2023-07-19 14:38:00,980 WARN [main][SpringApplication.java:819] - Unable to close ApplicationContext
java.lang.IllegalStateException: Failed to introspect Class [edu.hnu.client.config.MybatisPlusConfig] from ClassLoader [sun.misc.Launcher$AppClassLoader@18b4aac2]
	at org.springframework.util.ReflectionUtils.getDeclaredMethods(ReflectionUtils.java:481)
	at org.springframework.util.ReflectionUtils.doWithMethods(ReflectionUtils.java:358)
	at org.springframework.util.ReflectionUtils.getUniqueDeclaredMethods(ReflectionUtils.java:414)
	at org.springframework.beans.factory.support.AbstractAutowireCapableBeanFactory.lambda$getTypeForFactoryMethod$2(AbstractAutowireCapableBeanFactory.java:742)
	at java.util.concurrent.ConcurrentHashMap.computeIfAbsent(ConcurrentHashMap.java:1660)
	at org.springframework.beans.factory.support.AbstractAutowireCapableBeanFactory.getTypeForFactoryMethod(AbstractAutowireCapableBeanFactory.java:741)
	at org.springframework.beans.factory.support.AbstractAutowireCapableBeanFactory.determineTargetType(AbstractAutowireCapableBeanFactory.java:680)
	at org.springframework.beans.factory.support.AbstractAutowireCapableBeanFactory.predictBeanType(AbstractAutowireCapableBeanFactory.java:648)
	at org.springframework.beans.factory.support.AbstractBeanFactory.isFactoryBean(AbstractBeanFactory.java:1614)
	at org.springframework.beans.factory.support.DefaultListableBeanFactory.doGetBeanNamesForType(DefaultListableBeanFactory.java:523)
	at org.springframework.beans.factory.support.DefaultListableBeanFactory.getBeanNamesForType(DefaultListableBeanFactory.java:495)
	at org.springframework.beans.factory.support.DefaultListableBeanFactory.getBeansOfType(DefaultListableBeanFactory.java:620)
	at org.springframework.beans.factory.support.DefaultListableBeanFactory.getBeansOfType(DefaultListableBeanFactory.java:612)
	at org.springframework.context.support.AbstractApplicationContext.getBeansOfType(AbstractApplicationContext.java:1243)
	at org.springframework.boot.SpringApplication.getExitCodeFromMappedException(SpringApplication.java:880)
	at org.springframework.boot.SpringApplication.getExitCodeFromException(SpringApplication.java:868)
	at org.springframework.boot.SpringApplication.handleExitCode(SpringApplication.java:855)
	at org.springframework.boot.SpringApplication.handleRunFailure(SpringApplication.java:806)
	at org.springframework.boot.SpringApplication.run(SpringApplication.java:325)
	at org.springframework.boot.SpringApplication.run(SpringApplication.java:1237)
	at org.springframework.boot.SpringApplication.run(SpringApplication.java:1226)
	at edu.hnu.CitiClientApiApplication.main(CitiClientApiApplication.java:12)
Caused by: java.lang.NoClassDefFoundError: com/baomidou/mybatisplus/extension/plugins/MybatisPlusInterceptor
	at java.lang.Class.getDeclaredMethods0(Native Method)
	at java.lang.Class.privateGetDeclaredMethods(Class.java:2701)
	at java.lang.Class.getDeclaredMethods(Class.java:1975)
	at org.springframework.util.ReflectionUtils.getDeclaredMethods(ReflectionUtils.java:463)
	... 21 more
Caused by: java.lang.ClassNotFoundException: com.baomidou.mybatisplus.extension.plugins.MybatisPlusInterceptor
	at java.net.URLClassLoader.findClass(URLClassLoader.java:382)
	at java.lang.ClassLoader.loadClass(ClassLoader.java:424)
	at sun.misc.Launcher$AppClassLoader.loadClass(Launcher.java:349)
	at java.lang.ClassLoader.loadClass(ClassLoader.java:357)
	... 25 more
2023-07-19 14:38:00,980 WARN [main][SpringApplication.java:819] - Unable to close ApplicationContext
java.lang.IllegalStateException: Failed to introspect Class [edu.hnu.client.config.MybatisPlusConfig] from ClassLoader [sun.misc.Launcher$AppClassLoader@18b4aac2]
	at org.springframework.util.ReflectionUtils.getDeclaredMethods(ReflectionUtils.java:481)
	at org.springframework.util.ReflectionUtils.doWithMethods(ReflectionUtils.java:358)
	at org.springframework.util.ReflectionUtils.getUniqueDeclaredMethods(ReflectionUtils.java:414)
	at org.springframework.beans.factory.support.AbstractAutowireCapableBeanFactory.lambda$getTypeForFactoryMethod$2(AbstractAutowireCapableBeanFactory.java:742)
	at java.util.concurrent.ConcurrentHashMap.computeIfAbsent(ConcurrentHashMap.java:1660)
	at org.springframework.beans.factory.support.AbstractAutowireCapableBeanFactory.getTypeForFactoryMethod(AbstractAutowireCapableBeanFactory.java:741)
	at org.springframework.beans.factory.support.AbstractAutowireCapableBeanFactory.determineTargetType(AbstractAutowireCapableBeanFactory.java:680)
	at org.springframework.beans.factory.support.AbstractAutowireCapableBeanFactory.predictBeanType(AbstractAutowireCapableBeanFactory.java:648)
	at org.springframework.beans.factory.support.AbstractBeanFactory.isFactoryBean(AbstractBeanFactory.java:1614)
	at org.springframework.beans.factory.support.DefaultListableBeanFactory.doGetBeanNamesForType(DefaultListableBeanFactory.java:523)
	at org.springframework.beans.factory.support.DefaultListableBeanFactory.getBeanNamesForType(DefaultListableBeanFactory.java:495)
	at org.springframework.beans.factory.support.DefaultListableBeanFactory.getBeansOfType(DefaultListableBeanFactory.java:620)
	at org.springframework.beans.factory.support.DefaultListableBeanFactory.getBeansOfType(DefaultListableBeanFactory.java:612)
	at org.springframework.context.support.AbstractApplicationContext.getBeansOfType(AbstractApplicationContext.java:1243)
	at org.springframework.boot.SpringApplication.getExitCodeFromMappedException(SpringApplication.java:880)
	at org.springframework.boot.SpringApplication.getExitCodeFromException(SpringApplication.java:868)
	at org.springframework.boot.SpringApplication.handleExitCode(SpringApplication.java:855)
	at org.springframework.boot.SpringApplication.handleRunFailure(SpringApplication.java:806)
	at org.springframework.boot.SpringApplication.run(SpringApplication.java:325)
	at org.springframework.boot.SpringApplication.run(SpringApplication.java:1237)
	at org.springframework.boot.SpringApplication.run(SpringApplication.java:1226)
	at edu.hnu.CitiClientApiApplication.main(CitiClientApiApplication.java:12)
Caused by: java.lang.NoClassDefFoundError: com/baomidou/mybatisplus/extension/plugins/MybatisPlusInterceptor
	at java.lang.Class.getDeclaredMethods0(Native Method)
	at java.lang.Class.privateGetDeclaredMethods(Class.java:2701)
	at java.lang.Class.getDeclaredMethods(Class.java:1975)
	at org.springframework.util.ReflectionUtils.getDeclaredMethods(ReflectionUtils.java:463)
	... 21 more
Caused by: java.lang.ClassNotFoundException: com.baomidou.mybatisplus.extension.plugins.MybatisPlusInterceptor
	at java.net.URLClassLoader.findClass(URLClassLoader.java:382)
	at java.lang.ClassLoader.loadClass(ClassLoader.java:424)
	at sun.misc.Launcher$AppClassLoader.loadClass(Launcher.java:349)
	at java.lang.ClassLoader.loadClass(ClassLoader.java:357)
	... 25 more
2023-07-19 14:38:00,980 WARN [Thread-4][HttpClientBeanHolder.java:108] - [HttpClientBeanHolder] Start destroying common HttpClient
2023-07-19 14:38:00,980 WARN [Thread-4][HttpClientBeanHolder.java:108] - [HttpClientBeanHolder] Start destroying common HttpClient
2023-07-19 14:38:00,980 WARN [Thread-4][HttpClientBeanHolder.java:114] - [HttpClientBeanHolder] Destruction of the end
2023-07-19 14:38:00,980 WARN [Thread-4][HttpClientBeanHolder.java:114] - [HttpClientBeanHolder] Destruction of the end
2023-07-19 14:44:29,555 INFO [background-preinit][Version.java:21] - HV000001: Hibernate Validator 6.1.6.Final
2023-07-19 14:44:29,555 INFO [background-preinit][Version.java:21] - HV000001: Hibernate Validator 6.1.6.Final
2023-07-19 14:44:33,525 WARN [main][NacosPropertySourceBuilder.java:87] - Ignore the empty nacos configuration and get it based on dataId[client-service-dev.yaml] & group[citi-project]
2023-07-19 14:44:33,525 WARN [main][NacosPropertySourceBuilder.java:87] - Ignore the empty nacos configuration and get it based on dataId[client-service-dev.yaml] & group[citi-project]
2023-07-19 14:44:36,547 WARN [main][NacosPropertySourceBuilder.java:87] - Ignore the empty nacos configuration and get it based on dataId[client-api] & group[citi-project]
2023-07-19 14:44:36,547 WARN [main][NacosPropertySourceBuilder.java:87] - Ignore the empty nacos configuration and get it based on dataId[client-api] & group[citi-project]
2023-07-19 14:44:39,570 WARN [main][NacosPropertySourceBuilder.java:87] - Ignore the empty nacos configuration and get it based on dataId[client-api.yaml] & group[citi-project]
2023-07-19 14:44:39,570 WARN [main][NacosPropertySourceBuilder.java:87] - Ignore the empty nacos configuration and get it based on dataId[client-api.yaml] & group[citi-project]
2023-07-19 14:44:42,596 INFO [main][PropertySourceBootstrapConfiguration.java:112] - Located property source: [BootstrapPropertySource {name='bootstrapProperties-client-api-dev.yaml,citi-project'}, BootstrapPropertySource {name='bootstrapProperties-client-api.yaml,citi-project'}, BootstrapPropertySource {name='bootstrapProperties-client-api,citi-project'}, BootstrapPropertySource {name='bootstrapProperties-client-service-dev.yaml,citi-project'}]
2023-07-19 14:44:42,596 INFO [main][PropertySourceBootstrapConfiguration.java:112] - Located property source: [BootstrapPropertySource {name='bootstrapProperties-client-api-dev.yaml,citi-project'}, BootstrapPropertySource {name='bootstrapProperties-client-api.yaml,citi-project'}, BootstrapPropertySource {name='bootstrapProperties-client-api,citi-project'}, BootstrapPropertySource {name='bootstrapProperties-client-service-dev.yaml,citi-project'}]
2023-07-19 14:44:42,627 INFO [main][SpringApplication.java:655] - The following profiles are active: dev
2023-07-19 14:44:42,627 INFO [main][SpringApplication.java:655] - The following profiles are active: dev
2023-07-19 14:44:43,537 INFO [main][GenericScope.java:295] - BeanFactory id=37474547-2e42-30c9-8a46-7110d02db46f
2023-07-19 14:44:43,537 INFO [main][GenericScope.java:295] - BeanFactory id=37474547-2e42-30c9-8a46-7110d02db46f
2023-07-19 14:44:43,946 INFO [main][TomcatWebServer.java:108] - Tomcat initialized with port(s): 8000 (http)
2023-07-19 14:44:43,946 INFO [main][TomcatWebServer.java:108] - Tomcat initialized with port(s): 8000 (http)
2023-07-19 14:44:43,946 INFO [main][DirectJDKLog.java:173] - Initializing ProtocolHandler ["http-nio-8000"]
2023-07-19 14:44:43,946 INFO [main][DirectJDKLog.java:173] - Initializing ProtocolHandler ["http-nio-8000"]
2023-07-19 14:44:43,946 INFO [main][DirectJDKLog.java:173] - Starting service [Tomcat]
2023-07-19 14:44:43,946 INFO [main][DirectJDKLog.java:173] - Starting service [Tomcat]
2023-07-19 14:44:43,946 INFO [main][DirectJDKLog.java:173] - Starting Servlet engine: [Apache Tomcat/9.0.41]
2023-07-19 14:44:43,946 INFO [main][DirectJDKLog.java:173] - Starting Servlet engine: [Apache Tomcat/9.0.41]
2023-07-19 14:44:44,072 INFO [main][DirectJDKLog.java:173] - Initializing Spring embedded WebApplicationContext
2023-07-19 14:44:44,072 INFO [main][DirectJDKLog.java:173] - Initializing Spring embedded WebApplicationContext
2023-07-19 14:44:44,072 INFO [main][ServletWebServerApplicationContext.java:285] - Root WebApplicationContext: initialization completed in 1430 ms
2023-07-19 14:44:44,072 INFO [main][ServletWebServerApplicationContext.java:285] - Root WebApplicationContext: initialization completed in 1430 ms
2023-07-19 14:44:44,198 WARN [main][AbstractApplicationContext.java:559] - Exception encountered during context initialization - cancelling refresh attempt: org.springframework.beans.factory.UnsatisfiedDependencyException: Error creating bean with name 'citiClientController': Unsatisfied dependency expressed through field 'citiClientService'; nested exception is org.springframework.beans.factory.UnsatisfiedDependencyException: Error creating bean with name 'citiClientServiceImpl': Unsatisfied dependency expressed through field 'userInfoDao'; nested exception is org.springframework.beans.factory.UnsatisfiedDependencyException: Error creating bean with name 'userInfoDao' defined in file [D:\citi\citi-project\citi-client\citi-client-service\target\classes\edu\hnu\client\mapper\UserInfoDao.class]: Unsatisfied dependency expressed through bean property 'sqlSessionFactory'; nested exception is org.springframework.beans.factory.UnsatisfiedDependencyException: Error creating bean with name 'sqlSessionFactory' defined in class path resource [com/baomidou/mybatisplus/autoconfigure/MybatisPlusAutoConfiguration.class]: Unsatisfied dependency expressed through method 'sqlSessionFactory' parameter 0; nested exception is org.springframework.beans.factory.BeanCreationException: Error creating bean with name 'dataSource' defined in class path resource [org/springframework/boot/autoconfigure/jdbc/DataSourceConfiguration$Hikari.class]: Bean instantiation via factory method failed; nested exception is org.springframework.beans.BeanInstantiationException: Failed to instantiate [com.zaxxer.hikari.HikariDataSource]: Factory method 'dataSource' threw exception; nested exception is org.springframework.boot.autoconfigure.jdbc.DataSourceProperties$DataSourceBeanCreationException: Failed to determine a suitable driver class
2023-07-19 14:44:44,198 WARN [main][AbstractApplicationContext.java:559] - Exception encountered during context initialization - cancelling refresh attempt: org.springframework.beans.factory.UnsatisfiedDependencyException: Error creating bean with name 'citiClientController': Unsatisfied dependency expressed through field 'citiClientService'; nested exception is org.springframework.beans.factory.UnsatisfiedDependencyException: Error creating bean with name 'citiClientServiceImpl': Unsatisfied dependency expressed through field 'userInfoDao'; nested exception is org.springframework.beans.factory.UnsatisfiedDependencyException: Error creating bean with name 'userInfoDao' defined in file [D:\citi\citi-project\citi-client\citi-client-service\target\classes\edu\hnu\client\mapper\UserInfoDao.class]: Unsatisfied dependency expressed through bean property 'sqlSessionFactory'; nested exception is org.springframework.beans.factory.UnsatisfiedDependencyException: Error creating bean with name 'sqlSessionFactory' defined in class path resource [com/baomidou/mybatisplus/autoconfigure/MybatisPlusAutoConfiguration.class]: Unsatisfied dependency expressed through method 'sqlSessionFactory' parameter 0; nested exception is org.springframework.beans.factory.BeanCreationException: Error creating bean with name 'dataSource' defined in class path resource [org/springframework/boot/autoconfigure/jdbc/DataSourceConfiguration$Hikari.class]: Bean instantiation via factory method failed; nested exception is org.springframework.beans.BeanInstantiationException: Failed to instantiate [com.zaxxer.hikari.HikariDataSource]: Factory method 'dataSource' threw exception; nested exception is org.springframework.boot.autoconfigure.jdbc.DataSourceProperties$DataSourceBeanCreationException: Failed to determine a suitable driver class
2023-07-19 14:44:44,198 INFO [main][DirectJDKLog.java:173] - Stopping service [Tomcat]
2023-07-19 14:44:44,198 INFO [main][DirectJDKLog.java:173] - Stopping service [Tomcat]
2023-07-19 14:44:44,214 INFO [main][ConditionEvaluationReportLoggingListener.java:136] - 

Error starting ApplicationContext. To display the conditions report re-run your application with 'debug' enabled.
2023-07-19 14:44:44,214 INFO [main][ConditionEvaluationReportLoggingListener.java:136] - 

Error starting ApplicationContext. To display the conditions report re-run your application with 'debug' enabled.
2023-07-19 14:44:44,214 ERROR [main][LoggingFailureAnalysisReporter.java:40] - 

***************************
APPLICATION FAILED TO START
***************************

Description:

Failed to configure a DataSource: 'url' attribute is not specified and no embedded datasource could be configured.

Reason: Failed to determine a suitable driver class


Action:

Consider the following:
	If you want an embedded database (H2, HSQL or Derby), please put it on the classpath.
	If you have database settings to be loaded from a particular profile you may need to activate it (no profiles are currently active).

2023-07-19 14:44:44,214 ERROR [main][LoggingFailureAnalysisReporter.java:40] - 

***************************
APPLICATION FAILED TO START
***************************

Description:

Failed to configure a DataSource: 'url' attribute is not specified and no embedded datasource could be configured.

Reason: Failed to determine a suitable driver class


Action:

Consider the following:
	If you want an embedded database (H2, HSQL or Derby), please put it on the classpath.
	If you have database settings to be loaded from a particular profile you may need to activate it (no profiles are currently active).

2023-07-19 14:44:44,214 WARN [Thread-4][HttpClientBeanHolder.java:108] - [HttpClientBeanHolder] Start destroying common HttpClient
2023-07-19 14:44:44,214 WARN [Thread-4][HttpClientBeanHolder.java:108] - [HttpClientBeanHolder] Start destroying common HttpClient
2023-07-19 14:44:44,214 WARN [Thread-4][HttpClientBeanHolder.java:114] - [HttpClientBeanHolder] Destruction of the end
2023-07-19 14:44:44,214 WARN [Thread-4][HttpClientBeanHolder.java:114] - [HttpClientBeanHolder] Destruction of the end
2023-07-19 14:45:53,038 INFO [background-preinit][Version.java:21] - HV000001: Hibernate Validator 6.1.6.Final
2023-07-19 14:45:53,038 INFO [background-preinit][Version.java:21] - HV000001: Hibernate Validator 6.1.6.Final
2023-07-19 14:45:54,000 WARN [main][NacosPropertySourceBuilder.java:87] - Ignore the empty nacos configuration and get it based on dataId[client-service-dev.yaml] & group[citi-project]
2023-07-19 14:45:54,000 WARN [main][NacosPropertySourceBuilder.java:87] - Ignore the empty nacos configuration and get it based on dataId[client-service-dev.yaml] & group[citi-project]
2023-07-19 14:45:54,016 WARN [main][NacosPropertySourceBuilder.java:87] - Ignore the empty nacos configuration and get it based on dataId[client-api] & group[citi-project]
2023-07-19 14:45:54,016 WARN [main][NacosPropertySourceBuilder.java:87] - Ignore the empty nacos configuration and get it based on dataId[client-api] & group[citi-project]
2023-07-19 14:45:54,032 WARN [main][NacosPropertySourceBuilder.java:87] - Ignore the empty nacos configuration and get it based on dataId[client-api.yaml] & group[citi-project]
2023-07-19 14:45:54,032 WARN [main][NacosPropertySourceBuilder.java:87] - Ignore the empty nacos configuration and get it based on dataId[client-api.yaml] & group[citi-project]
2023-07-19 14:45:54,064 INFO [main][PropertySourceBootstrapConfiguration.java:112] - Located property source: [BootstrapPropertySource {name='bootstrapProperties-client-api-dev.yaml,citi-project'}, BootstrapPropertySource {name='bootstrapProperties-client-api.yaml,citi-project'}, BootstrapPropertySource {name='bootstrapProperties-client-api,citi-project'}, BootstrapPropertySource {name='bootstrapProperties-client-service-dev.yaml,citi-project'}]
2023-07-19 14:45:54,064 INFO [main][PropertySourceBootstrapConfiguration.java:112] - Located property source: [BootstrapPropertySource {name='bootstrapProperties-client-api-dev.yaml,citi-project'}, BootstrapPropertySource {name='bootstrapProperties-client-api.yaml,citi-project'}, BootstrapPropertySource {name='bootstrapProperties-client-api,citi-project'}, BootstrapPropertySource {name='bootstrapProperties-client-service-dev.yaml,citi-project'}]
2023-07-19 14:45:54,097 INFO [main][SpringApplication.java:655] - The following profiles are active: dev
2023-07-19 14:45:54,097 INFO [main][SpringApplication.java:655] - The following profiles are active: dev
2023-07-19 14:45:54,931 INFO [main][GenericScope.java:295] - BeanFactory id=37474547-2e42-30c9-8a46-7110d02db46f
2023-07-19 14:45:54,931 INFO [main][GenericScope.java:295] - BeanFactory id=37474547-2e42-30c9-8a46-7110d02db46f
2023-07-19 14:45:55,247 INFO [main][TomcatWebServer.java:108] - Tomcat initialized with port(s): 8000 (http)
2023-07-19 14:45:55,247 INFO [main][TomcatWebServer.java:108] - Tomcat initialized with port(s): 8000 (http)
2023-07-19 14:45:55,262 INFO [main][DirectJDKLog.java:173] - Initializing ProtocolHandler ["http-nio-8000"]
2023-07-19 14:45:55,262 INFO [main][DirectJDKLog.java:173] - Initializing ProtocolHandler ["http-nio-8000"]
2023-07-19 14:45:55,262 INFO [main][DirectJDKLog.java:173] - Starting service [Tomcat]
2023-07-19 14:45:55,262 INFO [main][DirectJDKLog.java:173] - Starting service [Tomcat]
2023-07-19 14:45:55,262 INFO [main][DirectJDKLog.java:173] - Starting Servlet engine: [Apache Tomcat/9.0.41]
2023-07-19 14:45:55,262 INFO [main][DirectJDKLog.java:173] - Starting Servlet engine: [Apache Tomcat/9.0.41]
2023-07-19 14:45:55,356 INFO [main][DirectJDKLog.java:173] - Initializing Spring embedded WebApplicationContext
2023-07-19 14:45:55,356 INFO [main][DirectJDKLog.java:173] - Initializing Spring embedded WebApplicationContext
2023-07-19 14:45:55,356 INFO [main][ServletWebServerApplicationContext.java:285] - Root WebApplicationContext: initialization completed in 1245 ms
2023-07-19 14:45:55,356 INFO [main][ServletWebServerApplicationContext.java:285] - Root WebApplicationContext: initialization completed in 1245 ms
2023-07-19 14:45:55,467 WARN [main][AbstractApplicationContext.java:559] - Exception encountered during context initialization - cancelling refresh attempt: org.springframework.beans.factory.UnsatisfiedDependencyException: Error creating bean with name 'citiClientController': Unsatisfied dependency expressed through field 'citiClientService'; nested exception is org.springframework.beans.factory.UnsatisfiedDependencyException: Error creating bean with name 'citiClientServiceImpl': Unsatisfied dependency expressed through field 'userInfoDao'; nested exception is org.springframework.beans.factory.UnsatisfiedDependencyException: Error creating bean with name 'userInfoDao' defined in file [D:\citi\citi-project\citi-client\citi-client-service\target\classes\edu\hnu\client\mapper\UserInfoDao.class]: Unsatisfied dependency expressed through bean property 'sqlSessionFactory'; nested exception is org.springframework.beans.factory.UnsatisfiedDependencyException: Error creating bean with name 'sqlSessionFactory' defined in class path resource [com/baomidou/mybatisplus/autoconfigure/MybatisPlusAutoConfiguration.class]: Unsatisfied dependency expressed through method 'sqlSessionFactory' parameter 0; nested exception is org.springframework.beans.factory.BeanCreationException: Error creating bean with name 'dataSource' defined in class path resource [org/springframework/boot/autoconfigure/jdbc/DataSourceConfiguration$Hikari.class]: Bean instantiation via factory method failed; nested exception is org.springframework.beans.BeanInstantiationException: Failed to instantiate [com.zaxxer.hikari.HikariDataSource]: Factory method 'dataSource' threw exception; nested exception is org.springframework.boot.autoconfigure.jdbc.DataSourceProperties$DataSourceBeanCreationException: Failed to determine a suitable driver class
2023-07-19 14:45:55,467 WARN [main][AbstractApplicationContext.java:559] - Exception encountered during context initialization - cancelling refresh attempt: org.springframework.beans.factory.UnsatisfiedDependencyException: Error creating bean with name 'citiClientController': Unsatisfied dependency expressed through field 'citiClientService'; nested exception is org.springframework.beans.factory.UnsatisfiedDependencyException: Error creating bean with name 'citiClientServiceImpl': Unsatisfied dependency expressed through field 'userInfoDao'; nested exception is org.springframework.beans.factory.UnsatisfiedDependencyException: Error creating bean with name 'userInfoDao' defined in file [D:\citi\citi-project\citi-client\citi-client-service\target\classes\edu\hnu\client\mapper\UserInfoDao.class]: Unsatisfied dependency expressed through bean property 'sqlSessionFactory'; nested exception is org.springframework.beans.factory.UnsatisfiedDependencyException: Error creating bean with name 'sqlSessionFactory' defined in class path resource [com/baomidou/mybatisplus/autoconfigure/MybatisPlusAutoConfiguration.class]: Unsatisfied dependency expressed through method 'sqlSessionFactory' parameter 0; nested exception is org.springframework.beans.factory.BeanCreationException: Error creating bean with name 'dataSource' defined in class path resource [org/springframework/boot/autoconfigure/jdbc/DataSourceConfiguration$Hikari.class]: Bean instantiation via factory method failed; nested exception is org.springframework.beans.BeanInstantiationException: Failed to instantiate [com.zaxxer.hikari.HikariDataSource]: Factory method 'dataSource' threw exception; nested exception is org.springframework.boot.autoconfigure.jdbc.DataSourceProperties$DataSourceBeanCreationException: Failed to determine a suitable driver class
2023-07-19 14:45:55,467 INFO [main][DirectJDKLog.java:173] - Stopping service [Tomcat]
2023-07-19 14:45:55,467 INFO [main][DirectJDKLog.java:173] - Stopping service [Tomcat]
2023-07-19 14:45:55,482 INFO [main][ConditionEvaluationReportLoggingListener.java:136] - 

Error starting ApplicationContext. To display the conditions report re-run your application with 'debug' enabled.
2023-07-19 14:45:55,482 INFO [main][ConditionEvaluationReportLoggingListener.java:136] - 

Error starting ApplicationContext. To display the conditions report re-run your application with 'debug' enabled.
2023-07-19 14:45:55,482 ERROR [main][LoggingFailureAnalysisReporter.java:40] - 

***************************
APPLICATION FAILED TO START
***************************

Description:

Failed to configure a DataSource: 'url' attribute is not specified and no embedded datasource could be configured.

Reason: Failed to determine a suitable driver class


Action:

Consider the following:
	If you want an embedded database (H2, HSQL or Derby), please put it on the classpath.
	If you have database settings to be loaded from a particular profile you may need to activate it (no profiles are currently active).

2023-07-19 14:45:55,482 ERROR [main][LoggingFailureAnalysisReporter.java:40] - 

***************************
APPLICATION FAILED TO START
***************************

Description:

Failed to configure a DataSource: 'url' attribute is not specified and no embedded datasource could be configured.

Reason: Failed to determine a suitable driver class


Action:

Consider the following:
	If you want an embedded database (H2, HSQL or Derby), please put it on the classpath.
	If you have database settings to be loaded from a particular profile you may need to activate it (no profiles are currently active).

2023-07-19 14:45:55,482 WARN [Thread-3][HttpClientBeanHolder.java:108] - [HttpClientBeanHolder] Start destroying common HttpClient
2023-07-19 14:45:55,482 WARN [Thread-3][HttpClientBeanHolder.java:108] - [HttpClientBeanHolder] Start destroying common HttpClient
2023-07-19 14:45:55,482 WARN [Thread-3][HttpClientBeanHolder.java:114] - [HttpClientBeanHolder] Destruction of the end
2023-07-19 14:45:55,482 WARN [Thread-3][HttpClientBeanHolder.java:114] - [HttpClientBeanHolder] Destruction of the end
2023-07-19 14:47:36,841 INFO [background-preinit][Version.java:21] - HV000001: Hibernate Validator 6.1.6.Final
2023-07-19 14:47:36,841 INFO [background-preinit][Version.java:21] - HV000001: Hibernate Validator 6.1.6.Final
2023-07-19 14:47:37,811 WARN [main][NacosPropertySourceBuilder.java:87] - Ignore the empty nacos configuration and get it based on dataId[client-service-dev.yaml] & group[citi-project]
2023-07-19 14:47:37,811 WARN [main][NacosPropertySourceBuilder.java:87] - Ignore the empty nacos configuration and get it based on dataId[client-service-dev.yaml] & group[citi-project]
2023-07-19 14:47:37,819 WARN [main][NacosPropertySourceBuilder.java:87] - Ignore the empty nacos configuration and get it based on dataId[client-api] & group[citi-project]
2023-07-19 14:47:37,819 WARN [main][NacosPropertySourceBuilder.java:87] - Ignore the empty nacos configuration and get it based on dataId[client-api] & group[citi-project]
2023-07-19 14:47:37,819 WARN [main][NacosPropertySourceBuilder.java:87] - Ignore the empty nacos configuration and get it based on dataId[client-api.yaml] & group[citi-project]
2023-07-19 14:47:37,819 WARN [main][NacosPropertySourceBuilder.java:87] - Ignore the empty nacos configuration and get it based on dataId[client-api.yaml] & group[citi-project]
2023-07-19 14:47:37,835 INFO [main][PropertySourceBootstrapConfiguration.java:112] - Located property source: [BootstrapPropertySource {name='bootstrapProperties-client-api-dev.yaml,citi-project'}, BootstrapPropertySource {name='bootstrapProperties-client-api.yaml,citi-project'}, BootstrapPropertySource {name='bootstrapProperties-client-api,citi-project'}, BootstrapPropertySource {name='bootstrapProperties-client-service-dev.yaml,citi-project'}]
2023-07-19 14:47:37,835 INFO [main][PropertySourceBootstrapConfiguration.java:112] - Located property source: [BootstrapPropertySource {name='bootstrapProperties-client-api-dev.yaml,citi-project'}, BootstrapPropertySource {name='bootstrapProperties-client-api.yaml,citi-project'}, BootstrapPropertySource {name='bootstrapProperties-client-api,citi-project'}, BootstrapPropertySource {name='bootstrapProperties-client-service-dev.yaml,citi-project'}]
2023-07-19 14:47:37,851 INFO [main][SpringApplication.java:655] - The following profiles are active: dev
2023-07-19 14:47:37,851 INFO [main][SpringApplication.java:655] - The following profiles are active: dev
2023-07-19 14:47:38,765 INFO [main][GenericScope.java:295] - BeanFactory id=37474547-2e42-30c9-8a46-7110d02db46f
2023-07-19 14:47:38,765 INFO [main][GenericScope.java:295] - BeanFactory id=37474547-2e42-30c9-8a46-7110d02db46f
2023-07-19 14:47:39,113 INFO [main][TomcatWebServer.java:108] - Tomcat initialized with port(s): 8000 (http)
2023-07-19 14:47:39,113 INFO [main][TomcatWebServer.java:108] - Tomcat initialized with port(s): 8000 (http)
2023-07-19 14:47:39,128 INFO [main][DirectJDKLog.java:173] - Initializing ProtocolHandler ["http-nio-8000"]
2023-07-19 14:47:39,128 INFO [main][DirectJDKLog.java:173] - Initializing ProtocolHandler ["http-nio-8000"]
2023-07-19 14:47:39,128 INFO [main][DirectJDKLog.java:173] - Starting service [Tomcat]
2023-07-19 14:47:39,128 INFO [main][DirectJDKLog.java:173] - Starting service [Tomcat]
2023-07-19 14:47:39,128 INFO [main][DirectJDKLog.java:173] - Starting Servlet engine: [Apache Tomcat/9.0.41]
2023-07-19 14:47:39,128 INFO [main][DirectJDKLog.java:173] - Starting Servlet engine: [Apache Tomcat/9.0.41]
2023-07-19 14:47:39,222 INFO [main][DirectJDKLog.java:173] - Initializing Spring embedded WebApplicationContext
2023-07-19 14:47:39,222 INFO [main][DirectJDKLog.java:173] - Initializing Spring embedded WebApplicationContext
2023-07-19 14:47:39,238 INFO [main][ServletWebServerApplicationContext.java:285] - Root WebApplicationContext: initialization completed in 1372 ms
2023-07-19 14:47:39,238 INFO [main][ServletWebServerApplicationContext.java:285] - Root WebApplicationContext: initialization completed in 1372 ms
2023-07-19 14:47:39,332 WARN [main][AbstractApplicationContext.java:559] - Exception encountered during context initialization - cancelling refresh attempt: org.springframework.beans.factory.UnsatisfiedDependencyException: Error creating bean with name 'citiClientController': Unsatisfied dependency expressed through field 'citiClientService'; nested exception is org.springframework.beans.factory.UnsatisfiedDependencyException: Error creating bean with name 'citiClientServiceImpl': Unsatisfied dependency expressed through field 'userInfoDao'; nested exception is org.springframework.beans.factory.UnsatisfiedDependencyException: Error creating bean with name 'userInfoDao' defined in file [D:\citi\citi-project\citi-client\citi-client-service\target\classes\edu\hnu\client\mapper\UserInfoDao.class]: Unsatisfied dependency expressed through bean property 'sqlSessionFactory'; nested exception is org.springframework.beans.factory.UnsatisfiedDependencyException: Error creating bean with name 'sqlSessionFactory' defined in class path resource [com/baomidou/mybatisplus/autoconfigure/MybatisPlusAutoConfiguration.class]: Unsatisfied dependency expressed through method 'sqlSessionFactory' parameter 0; nested exception is org.springframework.beans.factory.BeanCreationException: Error creating bean with name 'dataSource' defined in class path resource [org/springframework/boot/autoconfigure/jdbc/DataSourceConfiguration$Hikari.class]: Bean instantiation via factory method failed; nested exception is org.springframework.beans.BeanInstantiationException: Failed to instantiate [com.zaxxer.hikari.HikariDataSource]: Factory method 'dataSource' threw exception; nested exception is org.springframework.boot.autoconfigure.jdbc.DataSourceProperties$DataSourceBeanCreationException: Failed to determine a suitable driver class
2023-07-19 14:47:39,332 WARN [main][AbstractApplicationContext.java:559] - Exception encountered during context initialization - cancelling refresh attempt: org.springframework.beans.factory.UnsatisfiedDependencyException: Error creating bean with name 'citiClientController': Unsatisfied dependency expressed through field 'citiClientService'; nested exception is org.springframework.beans.factory.UnsatisfiedDependencyException: Error creating bean with name 'citiClientServiceImpl': Unsatisfied dependency expressed through field 'userInfoDao'; nested exception is org.springframework.beans.factory.UnsatisfiedDependencyException: Error creating bean with name 'userInfoDao' defined in file [D:\citi\citi-project\citi-client\citi-client-service\target\classes\edu\hnu\client\mapper\UserInfoDao.class]: Unsatisfied dependency expressed through bean property 'sqlSessionFactory'; nested exception is org.springframework.beans.factory.UnsatisfiedDependencyException: Error creating bean with name 'sqlSessionFactory' defined in class path resource [com/baomidou/mybatisplus/autoconfigure/MybatisPlusAutoConfiguration.class]: Unsatisfied dependency expressed through method 'sqlSessionFactory' parameter 0; nested exception is org.springframework.beans.factory.BeanCreationException: Error creating bean with name 'dataSource' defined in class path resource [org/springframework/boot/autoconfigure/jdbc/DataSourceConfiguration$Hikari.class]: Bean instantiation via factory method failed; nested exception is org.springframework.beans.BeanInstantiationException: Failed to instantiate [com.zaxxer.hikari.HikariDataSource]: Factory method 'dataSource' threw exception; nested exception is org.springframework.boot.autoconfigure.jdbc.DataSourceProperties$DataSourceBeanCreationException: Failed to determine a suitable driver class
2023-07-19 14:47:39,332 INFO [main][DirectJDKLog.java:173] - Stopping service [Tomcat]
2023-07-19 14:47:39,332 INFO [main][DirectJDKLog.java:173] - Stopping service [Tomcat]
2023-07-19 14:47:39,347 INFO [main][ConditionEvaluationReportLoggingListener.java:136] - 

Error starting ApplicationContext. To display the conditions report re-run your application with 'debug' enabled.
2023-07-19 14:47:39,347 INFO [main][ConditionEvaluationReportLoggingListener.java:136] - 

Error starting ApplicationContext. To display the conditions report re-run your application with 'debug' enabled.
2023-07-19 14:47:39,347 ERROR [main][LoggingFailureAnalysisReporter.java:40] - 

***************************
APPLICATION FAILED TO START
***************************

Description:

Failed to configure a DataSource: 'url' attribute is not specified and no embedded datasource could be configured.

Reason: Failed to determine a suitable driver class


Action:

Consider the following:
	If you want an embedded database (H2, HSQL or Derby), please put it on the classpath.
	If you have database settings to be loaded from a particular profile you may need to activate it (no profiles are currently active).

2023-07-19 14:47:39,347 ERROR [main][LoggingFailureAnalysisReporter.java:40] - 

***************************
APPLICATION FAILED TO START
***************************

Description:

Failed to configure a DataSource: 'url' attribute is not specified and no embedded datasource could be configured.

Reason: Failed to determine a suitable driver class


Action:

Consider the following:
	If you want an embedded database (H2, HSQL or Derby), please put it on the classpath.
	If you have database settings to be loaded from a particular profile you may need to activate it (no profiles are currently active).

2023-07-19 14:47:39,363 WARN [Thread-4][HttpClientBeanHolder.java:108] - [HttpClientBeanHolder] Start destroying common HttpClient
2023-07-19 14:47:39,363 WARN [Thread-4][HttpClientBeanHolder.java:108] - [HttpClientBeanHolder] Start destroying common HttpClient
2023-07-19 14:47:39,363 WARN [Thread-4][HttpClientBeanHolder.java:114] - [HttpClientBeanHolder] Destruction of the end
2023-07-19 14:47:39,363 WARN [Thread-4][HttpClientBeanHolder.java:114] - [HttpClientBeanHolder] Destruction of the end
2023-07-19 14:48:51,962 INFO [background-preinit][Version.java:21] - HV000001: Hibernate Validator 6.1.6.Final
2023-07-19 14:48:51,962 INFO [background-preinit][Version.java:21] - HV000001: Hibernate Validator 6.1.6.Final
2023-07-19 14:48:52,815 WARN [main][NacosPropertySourceBuilder.java:87] - Ignore the empty nacos configuration and get it based on dataId[client-service-dev.yaml] & group[citi-project]
2023-07-19 14:48:52,815 WARN [main][NacosPropertySourceBuilder.java:87] - Ignore the empty nacos configuration and get it based on dataId[client-service-dev.yaml] & group[citi-project]
2023-07-19 14:48:52,831 WARN [main][NacosPropertySourceBuilder.java:87] - Ignore the empty nacos configuration and get it based on dataId[client-api] & group[citi-project]
2023-07-19 14:48:52,831 WARN [main][NacosPropertySourceBuilder.java:87] - Ignore the empty nacos configuration and get it based on dataId[client-api] & group[citi-project]
2023-07-19 14:48:52,831 WARN [main][NacosPropertySourceBuilder.java:87] - Ignore the empty nacos configuration and get it based on dataId[client-api.yaml] & group[citi-project]
2023-07-19 14:48:52,831 WARN [main][NacosPropertySourceBuilder.java:87] - Ignore the empty nacos configuration and get it based on dataId[client-api.yaml] & group[citi-project]
2023-07-19 14:48:52,846 INFO [main][PropertySourceBootstrapConfiguration.java:112] - Located property source: [BootstrapPropertySource {name='bootstrapProperties-client-api-dev.yaml,citi-project'}, BootstrapPropertySource {name='bootstrapProperties-client-api.yaml,citi-project'}, BootstrapPropertySource {name='bootstrapProperties-client-api,citi-project'}, BootstrapPropertySource {name='bootstrapProperties-client-service-dev.yaml,citi-project'}]
2023-07-19 14:48:52,846 INFO [main][PropertySourceBootstrapConfiguration.java:112] - Located property source: [BootstrapPropertySource {name='bootstrapProperties-client-api-dev.yaml,citi-project'}, BootstrapPropertySource {name='bootstrapProperties-client-api.yaml,citi-project'}, BootstrapPropertySource {name='bootstrapProperties-client-api,citi-project'}, BootstrapPropertySource {name='bootstrapProperties-client-service-dev.yaml,citi-project'}]
2023-07-19 14:48:52,862 INFO [main][SpringApplication.java:655] - The following profiles are active: dev
2023-07-19 14:48:52,862 INFO [main][SpringApplication.java:655] - The following profiles are active: dev
2023-07-19 14:48:53,762 INFO [main][GenericScope.java:295] - BeanFactory id=37474547-2e42-30c9-8a46-7110d02db46f
2023-07-19 14:48:53,762 INFO [main][GenericScope.java:295] - BeanFactory id=37474547-2e42-30c9-8a46-7110d02db46f
2023-07-19 14:48:54,123 INFO [main][TomcatWebServer.java:108] - Tomcat initialized with port(s): 8000 (http)
2023-07-19 14:48:54,123 INFO [main][TomcatWebServer.java:108] - Tomcat initialized with port(s): 8000 (http)
2023-07-19 14:48:54,140 INFO [main][DirectJDKLog.java:173] - Initializing ProtocolHandler ["http-nio-8000"]
2023-07-19 14:48:54,140 INFO [main][DirectJDKLog.java:173] - Initializing ProtocolHandler ["http-nio-8000"]
2023-07-19 14:48:54,140 INFO [main][DirectJDKLog.java:173] - Starting service [Tomcat]
2023-07-19 14:48:54,140 INFO [main][DirectJDKLog.java:173] - Starting service [Tomcat]
2023-07-19 14:48:54,140 INFO [main][DirectJDKLog.java:173] - Starting Servlet engine: [Apache Tomcat/9.0.41]
2023-07-19 14:48:54,140 INFO [main][DirectJDKLog.java:173] - Starting Servlet engine: [Apache Tomcat/9.0.41]
2023-07-19 14:48:54,248 INFO [main][DirectJDKLog.java:173] - Initializing Spring embedded WebApplicationContext
2023-07-19 14:48:54,248 INFO [main][ServletWebServerApplicationContext.java:285] - Root WebApplicationContext: initialization completed in 1370 ms
2023-07-19 14:48:54,248 INFO [main][DirectJDKLog.java:173] - Initializing Spring embedded WebApplicationContext
2023-07-19 14:48:54,248 INFO [main][ServletWebServerApplicationContext.java:285] - Root WebApplicationContext: initialization completed in 1370 ms
2023-07-19 14:48:54,348 WARN [main][AbstractApplicationContext.java:559] - Exception encountered during context initialization - cancelling refresh attempt: org.springframework.beans.factory.UnsatisfiedDependencyException: Error creating bean with name 'citiClientController': Unsatisfied dependency expressed through field 'citiClientService'; nested exception is org.springframework.beans.factory.UnsatisfiedDependencyException: Error creating bean with name 'citiClientServiceImpl': Unsatisfied dependency expressed through field 'userInfoDao'; nested exception is org.springframework.beans.factory.UnsatisfiedDependencyException: Error creating bean with name 'userInfoDao' defined in file [D:\citi\citi-project\citi-client\citi-client-service\target\classes\edu\hnu\client\mapper\UserInfoDao.class]: Unsatisfied dependency expressed through bean property 'sqlSessionFactory'; nested exception is org.springframework.beans.factory.UnsatisfiedDependencyException: Error creating bean with name 'sqlSessionFactory' defined in class path resource [com/baomidou/mybatisplus/autoconfigure/MybatisPlusAutoConfiguration.class]: Unsatisfied dependency expressed through method 'sqlSessionFactory' parameter 0; nested exception is org.springframework.beans.factory.BeanCreationException: Error creating bean with name 'dataSource' defined in class path resource [org/springframework/boot/autoconfigure/jdbc/DataSourceConfiguration$Hikari.class]: Bean instantiation via factory method failed; nested exception is org.springframework.beans.BeanInstantiationException: Failed to instantiate [com.zaxxer.hikari.HikariDataSource]: Factory method 'dataSource' threw exception; nested exception is org.springframework.boot.autoconfigure.jdbc.DataSourceProperties$DataSourceBeanCreationException: Failed to determine a suitable driver class
2023-07-19 14:48:54,348 WARN [main][AbstractApplicationContext.java:559] - Exception encountered during context initialization - cancelling refresh attempt: org.springframework.beans.factory.UnsatisfiedDependencyException: Error creating bean with name 'citiClientController': Unsatisfied dependency expressed through field 'citiClientService'; nested exception is org.springframework.beans.factory.UnsatisfiedDependencyException: Error creating bean with name 'citiClientServiceImpl': Unsatisfied dependency expressed through field 'userInfoDao'; nested exception is org.springframework.beans.factory.UnsatisfiedDependencyException: Error creating bean with name 'userInfoDao' defined in file [D:\citi\citi-project\citi-client\citi-client-service\target\classes\edu\hnu\client\mapper\UserInfoDao.class]: Unsatisfied dependency expressed through bean property 'sqlSessionFactory'; nested exception is org.springframework.beans.factory.UnsatisfiedDependencyException: Error creating bean with name 'sqlSessionFactory' defined in class path resource [com/baomidou/mybatisplus/autoconfigure/MybatisPlusAutoConfiguration.class]: Unsatisfied dependency expressed through method 'sqlSessionFactory' parameter 0; nested exception is org.springframework.beans.factory.BeanCreationException: Error creating bean with name 'dataSource' defined in class path resource [org/springframework/boot/autoconfigure/jdbc/DataSourceConfiguration$Hikari.class]: Bean instantiation via factory method failed; nested exception is org.springframework.beans.BeanInstantiationException: Failed to instantiate [com.zaxxer.hikari.HikariDataSource]: Factory method 'dataSource' threw exception; nested exception is org.springframework.boot.autoconfigure.jdbc.DataSourceProperties$DataSourceBeanCreationException: Failed to determine a suitable driver class
2023-07-19 14:48:54,348 INFO [main][DirectJDKLog.java:173] - Stopping service [Tomcat]
2023-07-19 14:48:54,348 INFO [main][DirectJDKLog.java:173] - Stopping service [Tomcat]
2023-07-19 14:48:54,362 INFO [main][ConditionEvaluationReportLoggingListener.java:136] - 

Error starting ApplicationContext. To display the conditions report re-run your application with 'debug' enabled.
2023-07-19 14:48:54,362 INFO [main][ConditionEvaluationReportLoggingListener.java:136] - 

Error starting ApplicationContext. To display the conditions report re-run your application with 'debug' enabled.
2023-07-19 14:48:54,377 ERROR [main][LoggingFailureAnalysisReporter.java:40] - 

***************************
APPLICATION FAILED TO START
***************************

Description:

Failed to configure a DataSource: 'url' attribute is not specified and no embedded datasource could be configured.

Reason: Failed to determine a suitable driver class


Action:

Consider the following:
	If you want an embedded database (H2, HSQL or Derby), please put it on the classpath.
	If you have database settings to be loaded from a particular profile you may need to activate it (no profiles are currently active).

2023-07-19 14:48:54,377 ERROR [main][LoggingFailureAnalysisReporter.java:40] - 

***************************
APPLICATION FAILED TO START
***************************

Description:

Failed to configure a DataSource: 'url' attribute is not specified and no embedded datasource could be configured.

Reason: Failed to determine a suitable driver class


Action:

Consider the following:
	If you want an embedded database (H2, HSQL or Derby), please put it on the classpath.
	If you have database settings to be loaded from a particular profile you may need to activate it (no profiles are currently active).

2023-07-19 14:48:54,377 WARN [Thread-4][HttpClientBeanHolder.java:108] - [HttpClientBeanHolder] Start destroying common HttpClient
2023-07-19 14:48:54,377 WARN [Thread-4][HttpClientBeanHolder.java:108] - [HttpClientBeanHolder] Start destroying common HttpClient
2023-07-19 14:48:54,377 WARN [Thread-4][HttpClientBeanHolder.java:114] - [HttpClientBeanHolder] Destruction of the end
2023-07-19 14:48:54,377 WARN [Thread-4][HttpClientBeanHolder.java:114] - [HttpClientBeanHolder] Destruction of the end
2023-07-19 14:50:30,910 INFO [background-preinit][Version.java:21] - HV000001: Hibernate Validator 6.1.6.Final
2023-07-19 14:50:30,910 INFO [background-preinit][Version.java:21] - HV000001: Hibernate Validator 6.1.6.Final
2023-07-19 14:50:31,759 WARN [main][NacosPropertySourceBuilder.java:87] - Ignore the empty nacos configuration and get it based on dataId[client-service-dev.yaml] & group[citi-project]
2023-07-19 14:50:31,759 WARN [main][NacosPropertySourceBuilder.java:87] - Ignore the empty nacos configuration and get it based on dataId[client-service-dev.yaml] & group[citi-project]
2023-07-19 14:50:31,775 WARN [main][NacosPropertySourceBuilder.java:87] - Ignore the empty nacos configuration and get it based on dataId[client-api] & group[citi-project]
2023-07-19 14:50:31,775 WARN [main][NacosPropertySourceBuilder.java:87] - Ignore the empty nacos configuration and get it based on dataId[client-api] & group[citi-project]
2023-07-19 14:50:31,775 WARN [main][NacosPropertySourceBuilder.java:87] - Ignore the empty nacos configuration and get it based on dataId[client-api.yaml] & group[citi-project]
2023-07-19 14:50:31,775 WARN [main][NacosPropertySourceBuilder.java:87] - Ignore the empty nacos configuration and get it based on dataId[client-api.yaml] & group[citi-project]
2023-07-19 14:50:31,791 INFO [main][PropertySourceBootstrapConfiguration.java:112] - Located property source: [BootstrapPropertySource {name='bootstrapProperties-client-api-dev.yaml,citi-project'}, BootstrapPropertySource {name='bootstrapProperties-client-api.yaml,citi-project'}, BootstrapPropertySource {name='bootstrapProperties-client-api,citi-project'}, BootstrapPropertySource {name='bootstrapProperties-client-service-dev.yaml,citi-project'}]
2023-07-19 14:50:31,791 INFO [main][PropertySourceBootstrapConfiguration.java:112] - Located property source: [BootstrapPropertySource {name='bootstrapProperties-client-api-dev.yaml,citi-project'}, BootstrapPropertySource {name='bootstrapProperties-client-api.yaml,citi-project'}, BootstrapPropertySource {name='bootstrapProperties-client-api,citi-project'}, BootstrapPropertySource {name='bootstrapProperties-client-service-dev.yaml,citi-project'}]
2023-07-19 14:50:31,807 INFO [main][SpringApplication.java:655] - The following profiles are active: dev
2023-07-19 14:50:31,807 INFO [main][SpringApplication.java:655] - The following profiles are active: dev
2023-07-19 14:50:32,722 INFO [main][GenericScope.java:295] - BeanFactory id=37474547-2e42-30c9-8a46-7110d02db46f
2023-07-19 14:50:32,722 INFO [main][GenericScope.java:295] - BeanFactory id=37474547-2e42-30c9-8a46-7110d02db46f
2023-07-19 14:50:33,052 INFO [main][TomcatWebServer.java:108] - Tomcat initialized with port(s): 8000 (http)
2023-07-19 14:50:33,052 INFO [main][TomcatWebServer.java:108] - Tomcat initialized with port(s): 8000 (http)
2023-07-19 14:50:33,068 INFO [main][DirectJDKLog.java:173] - Initializing ProtocolHandler ["http-nio-8000"]
2023-07-19 14:50:33,068 INFO [main][DirectJDKLog.java:173] - Initializing ProtocolHandler ["http-nio-8000"]
2023-07-19 14:50:33,068 INFO [main][DirectJDKLog.java:173] - Starting service [Tomcat]
2023-07-19 14:50:33,068 INFO [main][DirectJDKLog.java:173] - Starting service [Tomcat]
2023-07-19 14:50:33,068 INFO [main][DirectJDKLog.java:173] - Starting Servlet engine: [Apache Tomcat/9.0.41]
2023-07-19 14:50:33,068 INFO [main][DirectJDKLog.java:173] - Starting Servlet engine: [Apache Tomcat/9.0.41]
2023-07-19 14:50:33,178 INFO [main][DirectJDKLog.java:173] - Initializing Spring embedded WebApplicationContext
2023-07-19 14:50:33,178 INFO [main][DirectJDKLog.java:173] - Initializing Spring embedded WebApplicationContext
2023-07-19 14:50:33,178 INFO [main][ServletWebServerApplicationContext.java:285] - Root WebApplicationContext: initialization completed in 1355 ms
2023-07-19 14:50:33,178 INFO [main][ServletWebServerApplicationContext.java:285] - Root WebApplicationContext: initialization completed in 1355 ms
2023-07-19 14:50:33,289 WARN [main][AbstractApplicationContext.java:559] - Exception encountered during context initialization - cancelling refresh attempt: org.springframework.beans.factory.UnsatisfiedDependencyException: Error creating bean with name 'citiClientController': Unsatisfied dependency expressed through field 'citiClientService'; nested exception is org.springframework.beans.factory.UnsatisfiedDependencyException: Error creating bean with name 'citiClientServiceImpl': Unsatisfied dependency expressed through field 'userInfoDao'; nested exception is org.springframework.beans.factory.UnsatisfiedDependencyException: Error creating bean with name 'userInfoDao' defined in file [D:\citi\citi-project\citi-client\citi-client-service\target\classes\edu\hnu\client\mapper\UserInfoDao.class]: Unsatisfied dependency expressed through bean property 'sqlSessionFactory'; nested exception is org.springframework.beans.factory.UnsatisfiedDependencyException: Error creating bean with name 'sqlSessionFactory' defined in class path resource [com/baomidou/mybatisplus/autoconfigure/MybatisPlusAutoConfiguration.class]: Unsatisfied dependency expressed through method 'sqlSessionFactory' parameter 0; nested exception is org.springframework.beans.factory.BeanCreationException: Error creating bean with name 'dataSource' defined in class path resource [org/springframework/boot/autoconfigure/jdbc/DataSourceConfiguration$Hikari.class]: Bean instantiation via factory method failed; nested exception is org.springframework.beans.BeanInstantiationException: Failed to instantiate [com.zaxxer.hikari.HikariDataSource]: Factory method 'dataSource' threw exception; nested exception is org.springframework.boot.autoconfigure.jdbc.DataSourceProperties$DataSourceBeanCreationException: Failed to determine a suitable driver class
2023-07-19 14:50:33,289 WARN [main][AbstractApplicationContext.java:559] - Exception encountered during context initialization - cancelling refresh attempt: org.springframework.beans.factory.UnsatisfiedDependencyException: Error creating bean with name 'citiClientController': Unsatisfied dependency expressed through field 'citiClientService'; nested exception is org.springframework.beans.factory.UnsatisfiedDependencyException: Error creating bean with name 'citiClientServiceImpl': Unsatisfied dependency expressed through field 'userInfoDao'; nested exception is org.springframework.beans.factory.UnsatisfiedDependencyException: Error creating bean with name 'userInfoDao' defined in file [D:\citi\citi-project\citi-client\citi-client-service\target\classes\edu\hnu\client\mapper\UserInfoDao.class]: Unsatisfied dependency expressed through bean property 'sqlSessionFactory'; nested exception is org.springframework.beans.factory.UnsatisfiedDependencyException: Error creating bean with name 'sqlSessionFactory' defined in class path resource [com/baomidou/mybatisplus/autoconfigure/MybatisPlusAutoConfiguration.class]: Unsatisfied dependency expressed through method 'sqlSessionFactory' parameter 0; nested exception is org.springframework.beans.factory.BeanCreationException: Error creating bean with name 'dataSource' defined in class path resource [org/springframework/boot/autoconfigure/jdbc/DataSourceConfiguration$Hikari.class]: Bean instantiation via factory method failed; nested exception is org.springframework.beans.BeanInstantiationException: Failed to instantiate [com.zaxxer.hikari.HikariDataSource]: Factory method 'dataSource' threw exception; nested exception is org.springframework.boot.autoconfigure.jdbc.DataSourceProperties$DataSourceBeanCreationException: Failed to determine a suitable driver class
2023-07-19 14:50:33,289 INFO [main][DirectJDKLog.java:173] - Stopping service [Tomcat]
2023-07-19 14:50:33,289 INFO [main][DirectJDKLog.java:173] - Stopping service [Tomcat]
2023-07-19 14:50:33,304 INFO [main][ConditionEvaluationReportLoggingListener.java:136] - 

Error starting ApplicationContext. To display the conditions report re-run your application with 'debug' enabled.
2023-07-19 14:50:33,304 INFO [main][ConditionEvaluationReportLoggingListener.java:136] - 

Error starting ApplicationContext. To display the conditions report re-run your application with 'debug' enabled.
2023-07-19 14:50:33,304 ERROR [main][LoggingFailureAnalysisReporter.java:40] - 

***************************
APPLICATION FAILED TO START
***************************

Description:

Failed to configure a DataSource: 'url' attribute is not specified and no embedded datasource could be configured.

Reason: Failed to determine a suitable driver class


Action:

Consider the following:
	If you want an embedded database (H2, HSQL or Derby), please put it on the classpath.
	If you have database settings to be loaded from a particular profile you may need to activate it (no profiles are currently active).

2023-07-19 14:50:33,304 ERROR [main][LoggingFailureAnalysisReporter.java:40] - 

***************************
APPLICATION FAILED TO START
***************************

Description:

Failed to configure a DataSource: 'url' attribute is not specified and no embedded datasource could be configured.

Reason: Failed to determine a suitable driver class


Action:

Consider the following:
	If you want an embedded database (H2, HSQL or Derby), please put it on the classpath.
	If you have database settings to be loaded from a particular profile you may need to activate it (no profiles are currently active).

2023-07-19 14:50:33,320 WARN [Thread-4][HttpClientBeanHolder.java:108] - [HttpClientBeanHolder] Start destroying common HttpClient
2023-07-19 14:50:33,320 WARN [Thread-4][HttpClientBeanHolder.java:108] - [HttpClientBeanHolder] Start destroying common HttpClient
2023-07-19 14:50:33,320 WARN [Thread-4][HttpClientBeanHolder.java:114] - [HttpClientBeanHolder] Destruction of the end
2023-07-19 14:50:33,320 WARN [Thread-4][HttpClientBeanHolder.java:114] - [HttpClientBeanHolder] Destruction of the end
2023-07-19 14:55:18,464 INFO [background-preinit][Version.java:21] - HV000001: Hibernate Validator 6.1.6.Final
2023-07-19 14:55:18,464 INFO [background-preinit][Version.java:21] - HV000001: Hibernate Validator 6.1.6.Final
2023-07-19 14:55:19,441 WARN [main][NacosPropertySourceBuilder.java:87] - Ignore the empty nacos configuration and get it based on dataId[client-service-dev.yaml] & group[citi-project]
2023-07-19 14:55:19,441 WARN [main][NacosPropertySourceBuilder.java:87] - Ignore the empty nacos configuration and get it based on dataId[client-service-dev.yaml] & group[citi-project]
2023-07-19 14:55:19,441 WARN [main][NacosPropertySourceBuilder.java:87] - Ignore the empty nacos configuration and get it based on dataId[client-api] & group[citi-project]
2023-07-19 14:55:19,441 WARN [main][NacosPropertySourceBuilder.java:87] - Ignore the empty nacos configuration and get it based on dataId[client-api] & group[citi-project]
2023-07-19 14:55:19,441 WARN [main][NacosPropertySourceBuilder.java:87] - Ignore the empty nacos configuration and get it based on dataId[client-api.yaml] & group[citi-project]
2023-07-19 14:55:19,441 WARN [main][NacosPropertySourceBuilder.java:87] - Ignore the empty nacos configuration and get it based on dataId[client-api.yaml] & group[citi-project]
2023-07-19 14:55:19,457 INFO [main][PropertySourceBootstrapConfiguration.java:112] - Located property source: [BootstrapPropertySource {name='bootstrapProperties-client-api-dev.yaml,citi-project'}, BootstrapPropertySource {name='bootstrapProperties-client-api.yaml,citi-project'}, BootstrapPropertySource {name='bootstrapProperties-client-api,citi-project'}, BootstrapPropertySource {name='bootstrapProperties-client-service-dev.yaml,citi-project'}]
2023-07-19 14:55:19,457 INFO [main][PropertySourceBootstrapConfiguration.java:112] - Located property source: [BootstrapPropertySource {name='bootstrapProperties-client-api-dev.yaml,citi-project'}, BootstrapPropertySource {name='bootstrapProperties-client-api.yaml,citi-project'}, BootstrapPropertySource {name='bootstrapProperties-client-api,citi-project'}, BootstrapPropertySource {name='bootstrapProperties-client-service-dev.yaml,citi-project'}]
2023-07-19 14:55:19,490 INFO [main][SpringApplication.java:655] - The following profiles are active: dev
2023-07-19 14:55:19,490 INFO [main][SpringApplication.java:655] - The following profiles are active: dev
2023-07-19 14:55:20,415 INFO [main][GenericScope.java:295] - BeanFactory id=37474547-2e42-30c9-8a46-7110d02db46f
2023-07-19 14:55:20,415 INFO [main][GenericScope.java:295] - BeanFactory id=37474547-2e42-30c9-8a46-7110d02db46f
2023-07-19 14:55:20,763 INFO [main][TomcatWebServer.java:108] - Tomcat initialized with port(s): 8000 (http)
2023-07-19 14:55:20,763 INFO [main][TomcatWebServer.java:108] - Tomcat initialized with port(s): 8000 (http)
2023-07-19 14:55:20,778 INFO [main][DirectJDKLog.java:173] - Initializing ProtocolHandler ["http-nio-8000"]
2023-07-19 14:55:20,778 INFO [main][DirectJDKLog.java:173] - Initializing ProtocolHandler ["http-nio-8000"]
2023-07-19 14:55:20,778 INFO [main][DirectJDKLog.java:173] - Starting service [Tomcat]
2023-07-19 14:55:20,778 INFO [main][DirectJDKLog.java:173] - Starting service [Tomcat]
2023-07-19 14:55:20,778 INFO [main][DirectJDKLog.java:173] - Starting Servlet engine: [Apache Tomcat/9.0.41]
2023-07-19 14:55:20,778 INFO [main][DirectJDKLog.java:173] - Starting Servlet engine: [Apache Tomcat/9.0.41]
2023-07-19 14:55:20,873 INFO [main][DirectJDKLog.java:173] - Initializing Spring embedded WebApplicationContext
2023-07-19 14:55:20,873 INFO [main][DirectJDKLog.java:173] - Initializing Spring embedded WebApplicationContext
2023-07-19 14:55:20,873 INFO [main][ServletWebServerApplicationContext.java:285] - Root WebApplicationContext: initialization completed in 1369 ms
2023-07-19 14:55:20,873 INFO [main][ServletWebServerApplicationContext.java:285] - Root WebApplicationContext: initialization completed in 1369 ms
2023-07-19 14:55:20,992 WARN [main][AbstractApplicationContext.java:559] - Exception encountered during context initialization - cancelling refresh attempt: org.springframework.beans.factory.UnsatisfiedDependencyException: Error creating bean with name 'citiClientController': Unsatisfied dependency expressed through field 'citiClientService'; nested exception is org.springframework.beans.factory.UnsatisfiedDependencyException: Error creating bean with name 'citiClientServiceImpl': Unsatisfied dependency expressed through field 'userInfoDao'; nested exception is org.springframework.beans.factory.UnsatisfiedDependencyException: Error creating bean with name 'userInfoDao' defined in file [D:\citi\citi-project\citi-client\citi-client-service\target\classes\edu\hnu\client\mapper\UserInfoDao.class]: Unsatisfied dependency expressed through bean property 'sqlSessionFactory'; nested exception is org.springframework.beans.factory.UnsatisfiedDependencyException: Error creating bean with name 'sqlSessionFactory' defined in class path resource [com/baomidou/mybatisplus/autoconfigure/MybatisPlusAutoConfiguration.class]: Unsatisfied dependency expressed through method 'sqlSessionFactory' parameter 0; nested exception is org.springframework.beans.factory.BeanCreationException: Error creating bean with name 'dataSource' defined in class path resource [org/springframework/boot/autoconfigure/jdbc/DataSourceConfiguration$Hikari.class]: Bean instantiation via factory method failed; nested exception is org.springframework.beans.BeanInstantiationException: Failed to instantiate [com.zaxxer.hikari.HikariDataSource]: Factory method 'dataSource' threw exception; nested exception is org.springframework.boot.autoconfigure.jdbc.DataSourceProperties$DataSourceBeanCreationException: Failed to determine a suitable driver class
2023-07-19 14:55:20,992 WARN [main][AbstractApplicationContext.java:559] - Exception encountered during context initialization - cancelling refresh attempt: org.springframework.beans.factory.UnsatisfiedDependencyException: Error creating bean with name 'citiClientController': Unsatisfied dependency expressed through field 'citiClientService'; nested exception is org.springframework.beans.factory.UnsatisfiedDependencyException: Error creating bean with name 'citiClientServiceImpl': Unsatisfied dependency expressed through field 'userInfoDao'; nested exception is org.springframework.beans.factory.UnsatisfiedDependencyException: Error creating bean with name 'userInfoDao' defined in file [D:\citi\citi-project\citi-client\citi-client-service\target\classes\edu\hnu\client\mapper\UserInfoDao.class]: Unsatisfied dependency expressed through bean property 'sqlSessionFactory'; nested exception is org.springframework.beans.factory.UnsatisfiedDependencyException: Error creating bean with name 'sqlSessionFactory' defined in class path resource [com/baomidou/mybatisplus/autoconfigure/MybatisPlusAutoConfiguration.class]: Unsatisfied dependency expressed through method 'sqlSessionFactory' parameter 0; nested exception is org.springframework.beans.factory.BeanCreationException: Error creating bean with name 'dataSource' defined in class path resource [org/springframework/boot/autoconfigure/jdbc/DataSourceConfiguration$Hikari.class]: Bean instantiation via factory method failed; nested exception is org.springframework.beans.BeanInstantiationException: Failed to instantiate [com.zaxxer.hikari.HikariDataSource]: Factory method 'dataSource' threw exception; nested exception is org.springframework.boot.autoconfigure.jdbc.DataSourceProperties$DataSourceBeanCreationException: Failed to determine a suitable driver class
2023-07-19 14:55:20,992 INFO [main][DirectJDKLog.java:173] - Stopping service [Tomcat]
2023-07-19 14:55:20,992 INFO [main][DirectJDKLog.java:173] - Stopping service [Tomcat]
2023-07-19 14:55:20,999 INFO [main][ConditionEvaluationReportLoggingListener.java:136] - 

Error starting ApplicationContext. To display the conditions report re-run your application with 'debug' enabled.
2023-07-19 14:55:20,999 INFO [main][ConditionEvaluationReportLoggingListener.java:136] - 

Error starting ApplicationContext. To display the conditions report re-run your application with 'debug' enabled.
2023-07-19 14:55:21,015 ERROR [main][LoggingFailureAnalysisReporter.java:40] - 

***************************
APPLICATION FAILED TO START
***************************

Description:

Failed to configure a DataSource: 'url' attribute is not specified and no embedded datasource could be configured.

Reason: Failed to determine a suitable driver class


Action:

Consider the following:
	If you want an embedded database (H2, HSQL or Derby), please put it on the classpath.
	If you have database settings to be loaded from a particular profile you may need to activate it (no profiles are currently active).

2023-07-19 14:55:21,015 ERROR [main][LoggingFailureAnalysisReporter.java:40] - 

***************************
APPLICATION FAILED TO START
***************************

Description:

Failed to configure a DataSource: 'url' attribute is not specified and no embedded datasource could be configured.

Reason: Failed to determine a suitable driver class


Action:

Consider the following:
	If you want an embedded database (H2, HSQL or Derby), please put it on the classpath.
	If you have database settings to be loaded from a particular profile you may need to activate it (no profiles are currently active).

2023-07-19 14:55:21,015 WARN [Thread-4][HttpClientBeanHolder.java:108] - [HttpClientBeanHolder] Start destroying common HttpClient
2023-07-19 14:55:21,015 WARN [Thread-4][HttpClientBeanHolder.java:108] - [HttpClientBeanHolder] Start destroying common HttpClient
2023-07-19 14:55:21,015 WARN [Thread-4][HttpClientBeanHolder.java:114] - [HttpClientBeanHolder] Destruction of the end
2023-07-19 14:55:21,015 WARN [Thread-4][HttpClientBeanHolder.java:114] - [HttpClientBeanHolder] Destruction of the end
