2023-07-21 16:13:01,945 INFO [reactor-http-nio-2][ChainedDynamicProperty.java:115] - Flipping property: renren-fast.ribbon.ActiveConnectionsLimit to use NEXT property: niws.loadbalancer.availabilityFilteringRule.activeConnectionsLimit = 2147483647
2023-07-21 16:13:01,945 INFO [reactor-http-nio-2][ChainedDynamicProperty.java:115] - Flipping property: renren-fast.ribbon.ActiveConnectionsLimit to use NEXT property: niws.loadbalancer.availabilityFilteringRule.activeConnectionsLimit = 2147483647
2023-07-21 16:13:01,979 INFO [reactor-http-nio-2][BaseLoadBalancer.java:197] - Client: renren-fast instantiated a LoadBalancer: DynamicServerListLoadBalancer:{NFLoadBalancer:name=renren-fast,current list of Servers=[],Load balancer stats=Zone stats: {},Server stats: []}ServerList:null
2023-07-21 16:13:01,979 INFO [reactor-http-nio-2][BaseLoadBalancer.java:197] - Client: renren-fast instantiated a LoadBalancer: DynamicServerListLoadBalancer:{NFLoadBalancer:name=renren-fast,current list of Servers=[],Load balancer stats=Zone stats: {},Server stats: []}ServerList:null
2023-07-21 16:13:01,989 INFO [reactor-http-nio-2][DynamicServerListLoadBalancer.java:222] - Using serverListUpdater PollingServerListUpdater
2023-07-21 16:13:01,989 INFO [reactor-http-nio-2][DynamicServerListLoadBalancer.java:222] - Using serverListUpdater PollingServerListUpdater
2023-07-21 16:13:01,998 INFO [reactor-http-nio-2][DynamicServerListLoadBalancer.java:150] - DynamicServerListLoadBalancer for client renren-fast initialized: DynamicServerListLoadBalancer:{NFLoadBalancer:name=renren-fast,current list of Servers=[],Load balancer stats=Zone stats: {},Server stats: []}ServerList:com.alibaba.cloud.nacos.ribbon.NacosServerList@76418892
2023-07-21 16:13:01,998 INFO [reactor-http-nio-2][DynamicServerListLoadBalancer.java:150] - DynamicServerListLoadBalancer for client renren-fast initialized: DynamicServerListLoadBalancer:{NFLoadBalancer:name=renren-fast,current list of Servers=[],Load balancer stats=Zone stats: {},Server stats: []}ServerList:com.alibaba.cloud.nacos.ribbon.NacosServerList@76418892
2023-07-21 16:30:29,644 INFO [Thread-62][PollingServerListUpdater.java:53] - Shutting down the Executor Pool for PollingServerListUpdater
2023-07-21 16:30:29,644 WARN [Thread-20][NotifyCenter.java:145] - [NotifyCenter] Start destroying Publisher
2023-07-21 16:30:29,644 WARN [Thread-20][NotifyCenter.java:145] - [NotifyCenter] Start destroying Publisher
2023-07-21 16:30:29,644 WARN [Thread-4][HttpClientBeanHolder.java:108] - [HttpClientBeanHolder] Start destroying common HttpClient
2023-07-21 16:30:29,644 WARN [Thread-4][HttpClientBeanHolder.java:108] - [HttpClientBeanHolder] Start destroying common HttpClient
2023-07-21 16:30:29,644 INFO [Thread-62][PollingServerListUpdater.java:53] - Shutting down the Executor Pool for PollingServerListUpdater
2023-07-21 16:30:29,644 WARN [Thread-20][NotifyCenter.java:162] - [NotifyCenter] Destruction of the end
2023-07-21 16:30:29,644 WARN [Thread-20][NotifyCenter.java:162] - [NotifyCenter] Destruction of the end
2023-07-21 16:30:29,645 WARN [Thread-4][HttpClientBeanHolder.java:114] - [HttpClientBeanHolder] Destruction of the end
2023-07-21 16:30:29,645 WARN [Thread-4][HttpClientBeanHolder.java:114] - [HttpClientBeanHolder] Destruction of the end
2023-07-21 16:30:29,648 INFO [SpringContextShutdownHook][ExecutorConfigurationSupport.java:218] - Shutting down ExecutorService 'Nacos-Watch-Task-Scheduler'
2023-07-21 16:30:29,648 INFO [SpringContextShutdownHook][ExecutorConfigurationSupport.java:218] - Shutting down ExecutorService 'Nacos-Watch-Task-Scheduler'
2023-07-21 16:30:29,650 INFO [SpringContextShutdownHook][NacosServiceRegistry.java:94] - De-registering from Nacos Server now...
2023-07-21 16:30:29,650 INFO [SpringContextShutdownHook][NacosServiceRegistry.java:94] - De-registering from Nacos Server now...
2023-07-21 16:30:29,651 INFO [SpringContextShutdownHook][BeatReactor.java:101] - [BEAT] removing beat: citi-project@@gateway:172.20.10.2:7000 from beat map.
2023-07-21 16:30:29,651 INFO [SpringContextShutdownHook][BeatReactor.java:101] - [BEAT] removing beat: citi-project@@gateway:172.20.10.2:7000 from beat map.
2023-07-21 16:30:29,651 INFO [SpringContextShutdownHook][NamingProxy.java:260] - [DEREGISTER-SERVICE] 8d70bda3-6f9c-4800-84b4-ba36e729fb31 deregistering service citi-project@@gateway with instance: Instance{instanceId='null', ip='172.20.10.2', port=7000, weight=1.0, healthy=true, enabled=true, ephemeral=true, clusterName='DEFAULT', serviceName='null', metadata={}}
2023-07-21 16:30:29,651 INFO [SpringContextShutdownHook][NamingProxy.java:260] - [DEREGISTER-SERVICE] 8d70bda3-6f9c-4800-84b4-ba36e729fb31 deregistering service citi-project@@gateway with instance: Instance{instanceId='null', ip='172.20.10.2', port=7000, weight=1.0, healthy=true, enabled=true, ephemeral=true, clusterName='DEFAULT', serviceName='null', metadata={}}
2023-07-21 16:30:29,653 INFO [SpringContextShutdownHook][NacosServiceRegistry.java:114] - De-registration finished.
2023-07-21 16:30:29,653 INFO [SpringContextShutdownHook][NacosServiceRegistry.java:114] - De-registration finished.
2023-07-21 16:30:29,653 INFO [SpringContextShutdownHook][BeatReactor.java:147] - com.alibaba.nacos.client.naming.beat.BeatReactor do shutdown begin
2023-07-21 16:30:29,653 INFO [SpringContextShutdownHook][BeatReactor.java:147] - com.alibaba.nacos.client.naming.beat.BeatReactor do shutdown begin
2023-07-21 16:30:32,501 INFO [com.alibaba.nacos.client.naming.updater][HostReactor.java:238] - removed ips(1) service: citi-project@@gateway@@DEFAULT -> [{"instanceId":"172.20.10.2#7000#DEFAULT#citi-project@@gateway","ip":"172.20.10.2","port":7000,"weight":1.0,"healthy":true,"enabled":true,"ephemeral":true,"clusterName":"DEFAULT","serviceName":"gateway","metadata":{"preserved.register.source":"SPRING_CLOUD"},"ipDeleteTimeout":30000,"instanceHeartBeatInterval":5000,"instanceHeartBeatTimeOut":15000}]
2023-07-21 16:30:32,501 INFO [com.alibaba.nacos.client.naming.updater][HostReactor.java:238] - removed ips(1) service: citi-project@@gateway@@DEFAULT -> [{"instanceId":"172.20.10.2#7000#DEFAULT#citi-project@@gateway","ip":"172.20.10.2","port":7000,"weight":1.0,"healthy":true,"enabled":true,"ephemeral":true,"clusterName":"DEFAULT","serviceName":"gateway","metadata":{"preserved.register.source":"SPRING_CLOUD"},"ipDeleteTimeout":30000,"instanceHeartBeatInterval":5000,"instanceHeartBeatTimeOut":15000}]
2023-07-21 16:30:32,503 INFO [com.alibaba.nacos.client.naming.updater][HostReactor.java:271] - current ips:(0) service: citi-project@@gateway@@DEFAULT -> []
2023-07-21 16:30:32,503 INFO [com.alibaba.nacos.client.naming.updater][HostReactor.java:271] - current ips:(0) service: citi-project@@gateway@@DEFAULT -> []
2023-07-21 16:30:32,674 INFO [SpringContextShutdownHook][BeatReactor.java:149] - com.alibaba.nacos.client.naming.beat.BeatReactor do shutdown stop
2023-07-21 16:30:32,674 INFO [SpringContextShutdownHook][BeatReactor.java:149] - com.alibaba.nacos.client.naming.beat.BeatReactor do shutdown stop
2023-07-21 16:30:32,675 INFO [SpringContextShutdownHook][HostReactor.java:413] - com.alibaba.nacos.client.naming.core.HostReactor do shutdown begin
2023-07-21 16:30:32,675 INFO [SpringContextShutdownHook][HostReactor.java:413] - com.alibaba.nacos.client.naming.core.HostReactor do shutdown begin
2023-07-21 16:30:35,704 INFO [SpringContextShutdownHook][PushReceiver.java:132] - com.alibaba.nacos.client.naming.core.PushReceiver do shutdown begin
2023-07-21 16:30:35,704 INFO [SpringContextShutdownHook][PushReceiver.java:132] - com.alibaba.nacos.client.naming.core.PushReceiver do shutdown begin
2023-07-21 16:30:38,725 INFO [SpringContextShutdownHook][PushReceiver.java:136] - com.alibaba.nacos.client.naming.core.PushReceiver do shutdown stop
2023-07-21 16:30:38,725 INFO [SpringContextShutdownHook][PushReceiver.java:136] - com.alibaba.nacos.client.naming.core.PushReceiver do shutdown stop
2023-07-21 16:30:38,725 INFO [SpringContextShutdownHook][FailoverReactor.java:132] - com.alibaba.nacos.client.naming.backups.FailoverReactor do shutdown begin
2023-07-21 16:30:38,725 INFO [SpringContextShutdownHook][FailoverReactor.java:132] - com.alibaba.nacos.client.naming.backups.FailoverReactor do shutdown begin
2023-07-21 16:30:38,726 INFO [SpringContextShutdownHook][FailoverReactor.java:134] - com.alibaba.nacos.client.naming.backups.FailoverReactor do shutdown stop
2023-07-21 16:30:38,726 INFO [SpringContextShutdownHook][FailoverReactor.java:134] - com.alibaba.nacos.client.naming.backups.FailoverReactor do shutdown stop
2023-07-21 16:30:38,727 INFO [SpringContextShutdownHook][HostReactor.java:418] - com.alibaba.nacos.client.naming.core.HostReactor do shutdown stop
2023-07-21 16:30:38,727 INFO [SpringContextShutdownHook][HostReactor.java:418] - com.alibaba.nacos.client.naming.core.HostReactor do shutdown stop
2023-07-21 16:30:38,727 INFO [SpringContextShutdownHook][NamingProxy.java:719] - com.alibaba.nacos.client.naming.net.NamingProxy do shutdown begin
2023-07-21 16:30:38,727 INFO [SpringContextShutdownHook][NamingProxy.java:719] - com.alibaba.nacos.client.naming.net.NamingProxy do shutdown begin
2023-07-21 16:30:38,727 WARN [SpringContextShutdownHook][NamingHttpClientManager.java:72] - [NamingHttpClientManager] Start destroying NacosRestTemplate
2023-07-21 16:30:38,727 WARN [SpringContextShutdownHook][NamingHttpClientManager.java:72] - [NamingHttpClientManager] Start destroying NacosRestTemplate
2023-07-21 16:30:38,727 WARN [SpringContextShutdownHook][NamingHttpClientManager.java:79] - [NamingHttpClientManager] Destruction of the end
2023-07-21 16:30:38,727 WARN [SpringContextShutdownHook][NamingHttpClientManager.java:79] - [NamingHttpClientManager] Destruction of the end
2023-07-21 16:30:38,728 INFO [SpringContextShutdownHook][CredentialWatcher.java:105] - [null] CredentialWatcher is stopped
2023-07-21 16:30:38,728 INFO [SpringContextShutdownHook][CredentialWatcher.java:105] - [null] CredentialWatcher is stopped
2023-07-21 16:30:38,728 INFO [SpringContextShutdownHook][CredentialService.java:98] - [null] CredentialService is freed
2023-07-21 16:30:38,728 INFO [SpringContextShutdownHook][CredentialService.java:98] - [null] CredentialService is freed
2023-07-21 16:30:38,728 INFO [SpringContextShutdownHook][NamingProxy.java:723] - com.alibaba.nacos.client.naming.net.NamingProxy do shutdown stop
2023-07-21 16:30:38,728 INFO [SpringContextShutdownHook][NamingProxy.java:723] - com.alibaba.nacos.client.naming.net.NamingProxy do shutdown stop
2023-07-21 16:30:38,728 WARN [SpringContextShutdownHook][DisposableBeanAdapter.java:349] - Destroy method 'close' on bean with name 'nacosServiceRegistry' threw an exception: java.lang.NullPointerException
2023-07-21 16:30:38,728 WARN [SpringContextShutdownHook][DisposableBeanAdapter.java:349] - Destroy method 'close' on bean with name 'nacosServiceRegistry' threw an exception: java.lang.NullPointerException
